total 8332
drwxr-xr-x 1 root root    1700 Nov 14 01:43 .
drwxr-xr-x 1 root root  162608 Nov 14 03:21 ..
lrwxrwxrwx 1 root root      14 Nov 12 16:39 apple_dri.so -> libdril_dri.so
lrwxrwxrwx 1 root root      14 Nov 12 16:39 armada-drm_dri.so -> libdril_dri.so
lrwxrwxrwx 1 root root      14 Nov 12 16:39 asahi_dri.so -> libdril_dri.so
lrwxrwxrwx 1 root root      14 Nov 12 16:39 crocus_dri.so -> libdril_dri.so
lrwxrwxrwx 1 root root      14 Nov 12 16:39 d3d12_dri.so -> libdril_dri.so
lrwxrwxrwx 1 root root      31 Nov 12 16:39 d3d12_drv_video.so -> ../libgallium-25.2.7-arch1.1.so
lrwxrwxrwx 1 root root      14 Nov 12 16:39 exynos_dri.so -> libdril_dri.so
lrwxrwxrwx 1 root root      14 Nov 12 16:39 gm12u320_dri.so -> libdril_dri.so
lrwxrwxrwx 1 root root      14 Nov 12 16:39 hdlcd_dri.so -> libdril_dri.so
lrwxrwxrwx 1 root root      14 Nov 12 16:39 hx8357d_dri.so -> libdril_dri.so
lrwxrwxrwx 1 root root      14 Nov 12 16:39 i915_dri.so -> libdril_dri.so
-rwxr-xr-x 1 root root 8196376 Apr 21  2025 i965_drv_video.so
lrwxrwxrwx 1 root root      14 Nov 12 16:39 ili9163_dri.so -> libdril_dri.so
lrwxrwxrwx 1 root root      14 Nov 12 16:39 ili9225_dri.so -> libdril_dri.so
lrwxrwxrwx 1 root root      14 Nov 12 16:39 ili9341_dri.so -> libdril_dri.so
lrwxrwxrwx 1 root root      14 Nov 12 16:39 ili9486_dri.so -> libdril_dri.so
lrwxrwxrwx 1 root root      14 Nov 12 16:39 imx-dcss_dri.so -> libdril_dri.so
lrwxrwxrwx 1 root root      14 Nov 12 16:39 imx-drm_dri.so -> libdril_dri.so
lrwxrwxrwx 1 root root      14 Nov 12 16:39 imx-lcdif_dri.so -> libdril_dri.so
lrwxrwxrwx 1 root root      14 Nov 12 16:39 ingenic-drm_dri.so -> libdril_dri.so
lrwxrwxrwx 1 root root      14 Nov 12 16:39 iris_dri.so -> libdril_dri.so
lrwxrwxrwx 1 root root      14 Nov 12 16:39 kgsl_dri.so -> libdril_dri.so
lrwxrwxrwx 1 root root      14 Nov 12 16:39 kirin_dri.so -> libdril_dri.so
lrwxrwxrwx 1 root root      14 Nov 12 16:39 kms_swrast_dri.so -> libdril_dri.so
lrwxrwxrwx 1 root root      14 Nov 12 16:39 komeda_dri.so -> libdril_dri.so
-rwxr-xr-x 1 root root   92192 Nov 12 16:39 libdril_dri.so
lrwxrwxrwx 1 root root      14 Nov 12 16:39 mali-dp_dri.so -> libdril_dri.so
lrwxrwxrwx 1 root root      14 Nov 12 16:39 mcde_dri.so -> libdril_dri.so
lrwxrwxrwx 1 root root      14 Nov 12 16:39 mediatek_dri.so -> libdril_dri.so
lrwxrwxrwx 1 root root      14 Nov 12 16:39 meson_dri.so -> libdril_dri.so
lrwxrwxrwx 1 root root      14 Nov 12 16:39 mi0283qt_dri.so -> libdril_dri.so
lrwxrwxrwx 1 root root      14 Nov 12 16:39 msm_dri.so -> libdril_dri.so
lrwxrwxrwx 1 root root      14 Nov 12 16:39 mxsfb-drm_dri.so -> libdril_dri.so
lrwxrwxrwx 1 root root      14 Nov 12 16:39 nouveau_dri.so -> libdril_dri.so
lrwxrwxrwx 1 root root      31 Nov 12 16:39 nouveau_drv_video.so -> ../libgallium-25.2.7-arch1.1.so
lrwxrwxrwx 1 root root      14 Nov 12 16:39 panel-mipi-dbi_dri.so -> libdril_dri.so
lrwxrwxrwx 1 root root      14 Nov 12 16:39 pl111_dri.so -> libdril_dri.so
lrwxrwxrwx 1 root root      14 Nov 12 16:39 r300_dri.so -> libdril_dri.so
lrwxrwxrwx 1 root root      14 Nov 12 16:39 r600_dri.so -> libdril_dri.so
lrwxrwxrwx 1 root root      31 Nov 12 16:39 r600_drv_video.so -> ../libgallium-25.2.7-arch1.1.so
lrwxrwxrwx 1 root root      14 Nov 12 16:39 radeonsi_dri.so -> libdril_dri.so
lrwxrwxrwx 1 root root      31 Nov 12 16:39 radeonsi_drv_video.so -> ../libgallium-25.2.7-arch1.1.so
lrwxrwxrwx 1 root root      14 Nov 12 16:39 rcar-du_dri.so -> libdril_dri.so
lrwxrwxrwx 1 root root      14 Nov 12 16:39 repaper_dri.so -> libdril_dri.so
lrwxrwxrwx 1 root root      14 Nov 12 16:39 rockchip_dri.so -> libdril_dri.so
lrwxrwxrwx 1 root root      14 Nov 12 16:39 rzg2l-du_dri.so -> libdril_dri.so
lrwxrwxrwx 1 root root      14 Nov 12 16:39 ssd130x_dri.so -> libdril_dri.so
lrwxrwxrwx 1 root root      14 Nov 12 16:39 st7586_dri.so -> libdril_dri.so
lrwxrwxrwx 1 root root      14 Nov 12 16:39 st7735r_dri.so -> libdril_dri.so
lrwxrwxrwx 1 root root      14 Nov 12 16:39 sti_dri.so -> libdril_dri.so
lrwxrwxrwx 1 root root      14 Nov 12 16:39 stm_dri.so -> libdril_dri.so
lrwxrwxrwx 1 root root      14 Nov 12 16:39 sun4i-drm_dri.so -> libdril_dri.so
lrwxrwxrwx 1 root root      14 Nov 12 16:39 swrast_dri.so -> libdril_dri.so
lrwxrwxrwx 1 root root      14 Nov 12 16:39 udl_dri.so -> libdril_dri.so
lrwxrwxrwx 1 root root      14 Nov 12 16:39 virtio_gpu_dri.so -> libdril_dri.so
lrwxrwxrwx 1 root root      31 Nov 12 16:39 virtio_gpu_drv_video.so -> ../libgallium-25.2.7-arch1.1.so
lrwxrwxrwx 1 root root      14 Nov 12 16:39 vkms_dri.so -> libdril_dri.so
lrwxrwxrwx 1 root root      14 Nov 12 16:39 vmwgfx_dri.so -> libdril_dri.so
lrwxrwxrwx 1 root root      14 Nov 12 16:39 zink_dri.so -> libdril_dri.so
lrwxrwxrwx 1 root root      14 Nov 12 16:39 zynqmp-dpsub_dri.so -> libdril_dri.so
