[    24.228] (--) Log file renamed from "/var/log/Xorg.pid-740.log" to "/var/log/Xorg.0.log"
[    24.270] 
X.Org X Server 1.21.1.20
X Protocol Version 11, Revision 0
[    24.270] Current Operating System: Linux omarchy 6.17.7-arch1-1 #1 SMP PREEMPT_DYNAMIC Sun, 02 Nov 2025 17:27:22 +0000 x86_64
[    24.270] Kernel command line: quiet splash cryptdevice=PARTUUID=265cc117-02:root root=/dev/mapper/root zswap.enabled=0 rootflags=subvol=@ rw rootfstype=btrfs
[    24.270]  
[    24.270] Current version of pixman: 0.46.4
[    24.270] 	Before reporting problems, check http://wiki.x.org
	to make sure that you have the latest version.
[    24.270] Markers: (--) probed, (**) from config file, (==) default setting,
	(++) from command line, (!!) notice, (II) informational,
	(WW) warning, (EE) error, (NI) not implemented, (??) unknown.
[    24.270] (==) Log file: "/var/log/Xorg.0.log", Time: Fri Nov 14 03:58:13 2025
[    24.274] (==) Using config directory: "/etc/X11/xorg.conf.d"
[    24.274] (==) Using system config directory "/usr/share/X11/xorg.conf.d"
[    24.276] (==) No Layout section.  Using the first Screen section.
[    24.276] (==) No screen section available. Using defaults.
[    24.276] (**) |-->Screen "Default Screen Section" (0)
[    24.276] (**) |   |-->Monitor "<default monitor>"
[    24.276] (==) No device specified for screen "Default Screen Section".
	Using the first device section listed.
[    24.276] (**) |   |-->Device "Intel Graphics"
[    24.276] (==) No monitor specified for screen "Default Screen Section".
	Using a default monitor configuration.
[    24.276] (**) Allowing byte-swapped clients
[    24.276] (==) Automatically adding devices
[    24.276] (==) Automatically enabling devices
[    24.276] (==) Automatically adding GPU devices
[    24.276] (==) Automatically binding GPU devices
[    24.276] (==) Max clients allowed: 256, resource mask: 0x1fffff
[    24.299] (WW) The directory "/usr/share/fonts/misc" does not exist.
[    24.299] 	Entry deleted from font path.
[    24.302] (WW) `fonts.dir' not found (or not valid) in "/usr/share/fonts/TTF".
[    24.302] 	Entry deleted from font path.
[    24.302] 	(Run 'mkfontdir' on "/usr/share/fonts/TTF").
[    24.302] (WW) The directory "/usr/share/fonts/OTF" does not exist.
[    24.302] 	Entry deleted from font path.
[    24.302] (WW) The directory "/usr/share/fonts/Type1" does not exist.
[    24.302] 	Entry deleted from font path.
[    24.302] (WW) The directory "/usr/share/fonts/100dpi" does not exist.
[    24.302] 	Entry deleted from font path.
[    24.302] (WW) The directory "/usr/share/fonts/75dpi" does not exist.
[    24.302] 	Entry deleted from font path.
[    24.302] (==) FontPath set to:
	
[    24.302] (==) ModulePath set to "/usr/lib/xorg/modules"
[    24.302] (II) The server relies on udev to provide the list of input devices.
	If no devices become available, reconfigure udev or disable AutoAddDevices.
[    24.302] (II) Module ABI versions:
[    24.302] 	X.Org ANSI C Emulation: 0.4
[    24.302] 	X.Org Video Driver: 25.2
[    24.302] 	X.Org XInput driver : 24.4
[    24.302] 	X.Org Server Extension : 10.0
[    24.303] (++) using VT number 2

[    24.303] (II) systemd-logind: logind integration requires -keeptty and -keeptty was not provided, disabling logind integration
[    24.304] (II) xfree86: Adding drm device (/dev/dri/card1)
[    24.304] (II) Platform probe for /sys/devices/pci0000:00/0000:00:02.0/drm/card1
[    24.310] (--) PCI:*(0@0:2:0) 8086:2e12:17aa:3048 rev 3, Mem @ 0xfc000000/4194304, 0xe0000000/268435456, I/O @ 0x00001c70/8, BIOS @ 0x????????/131072
[    24.310] (--) PCI: (0@0:2:1) 8086:2e13:17aa:3048 rev 3, Mem @ 0xfc400000/1048576
[    24.310] (II) LoadModule: "glx"
[    24.334] (II) Loading /usr/lib/xorg/modules/extensions/libglx.so
[    24.483] (II) Module glx: vendor="X.Org Foundation"
[    24.483] 	compiled for 1.21.1.20, module version = 1.0.0
[    24.483] 	ABI class: X.Org Server Extension, version 10.0
[    24.483] (II) LoadModule: "intel"
[    24.483] (II) Loading /usr/lib/xorg/modules/drivers/intel_drv.so
[    24.536] (II) Module intel: vendor="X.Org Foundation"
[    24.536] 	compiled for 1.21.1.16, module version = 2.99.917
[    24.536] 	Module class: X.Org Video Driver
[    24.536] 	ABI class: X.Org Video Driver, version 25.2
[    24.536] (II) intel: Driver for Intel(R) Integrated Graphics Chipsets:
	i810, i810-dc100, i810e, i815, i830M, 845G, 854, 852GM/855GM, 865G,
	915G, E7221 (i915), 915GM, 945G, 945GM, 945GME, Pineview GM,
	Pineview G, 965G, G35, 965Q, 946GZ, 965GM, 965GME/GLE, G33, Q35, Q33,
	GM45, 4 Series, G45/G43, Q45/Q43, G41, B43
[    24.536] (II) intel: Driver for Intel(R) HD Graphics
[    24.536] (II) intel: Driver for Intel(R) Iris(TM) Graphics
[    24.536] (II) intel: Driver for Intel(R) Iris(TM) Pro Graphics
[    24.538] (II) intel(0): Creating default Display subsection in Screen section
	"Default Screen Section" for depth/fbbpp 24/32
[    24.538] (==) intel(0): Depth 24, (--) framebuffer bpp 32
[    24.538] (==) intel(0): RGB weight 888
[    24.538] (==) intel(0): Default visual is TrueColor
[    24.538] (**) intel(0): Option "AccelMethod" "uxa"
[    24.538] (**) intel(0): Option "DRI" "2"
[    24.538] (**) intel(0): Option "TearFree" "true"
[    24.538] (--) intel(0): Integrated Graphics Chipset: Intel(R) Q45/Q43
[    24.538] (**) intel(0): Relaxed fencing enabled
[    24.538] (**) intel(0): Wait on SwapBuffers? enabled
[    24.538] (**) intel(0): Triple buffering? enabled
[    24.538] (**) intel(0): Framebuffer tiled
[    24.538] (**) intel(0): Pixmaps tiled
[    24.538] (**) intel(0): 3D buffers tiled
[    24.538] (**) intel(0): SwapBuffers wait enabled
[    24.538] (==) intel(0): video overlay key set to 0x101fe
[    24.554] (II) intel(0): Output VGA1 has no monitor section
[    24.572] (II) intel(0): Output HDMI1 has no monitor section
[    24.691] (II) intel(0): Output DP1 has no monitor section
[    24.745] (II) intel(0): EDID for output VGA1
[    24.759] (II) intel(0): EDID for output HDMI1
[    24.759] (II) intel(0): Manufacturer: AOC  Model: 2343  Serial#: 937
[    24.759] (II) intel(0): Year: 2011  Week: 2
[    24.759] (II) intel(0): EDID Version: 1.3
[    24.759] (II) intel(0): Digital Display Input
[    24.759] (II) intel(0): Max Image Size [cm]: horiz.: 51  vert.: 29
[    24.759] (II) intel(0): Gamma: 2.20
[    24.759] (II) intel(0): DPMS capabilities: Off
[    24.759] (II) intel(0): Supported color encodings: RGB 4:4:4 YCrCb 4:4:4 
[    24.759] (II) intel(0): First detailed timing is preferred mode
[    24.759] (II) intel(0): redX: 0.648 redY: 0.339   greenX: 0.282 greenY: 0.603
[    24.759] (II) intel(0): blueX: 0.143 blueY: 0.070   whiteX: 0.313 whiteY: 0.329
[    24.759] (II) intel(0): Supported established timings:
[    24.759] (II) intel(0): 720x400@70Hz
[    24.759] (II) intel(0): 640x480@60Hz
[    24.759] (II) intel(0): 640x480@67Hz
[    24.759] (II) intel(0): 640x480@72Hz
[    24.759] (II) intel(0): 640x480@75Hz
[    24.759] (II) intel(0): 800x600@56Hz
[    24.759] (II) intel(0): 800x600@60Hz
[    24.759] (II) intel(0): 800x600@72Hz
[    24.759] (II) intel(0): 800x600@75Hz
[    24.759] (II) intel(0): 832x624@75Hz
[    24.759] (II) intel(0): 1024x768@60Hz
[    24.760] (II) intel(0): 1024x768@70Hz
[    24.760] (II) intel(0): 1024x768@75Hz
[    24.760] (II) intel(0): 1280x1024@75Hz
[    24.760] (II) intel(0): Manufacturer's mask: 0
[    24.760] (II) intel(0): Supported standard timings:
[    24.760] (II) intel(0): #0: hsize: 1280  vsize 960  refresh: 60  vid: 16513
[    24.760] (II) intel(0): #1: hsize: 1280  vsize 1024  refresh: 60  vid: 32897
[    24.760] (II) intel(0): #2: hsize: 1440  vsize 900  refresh: 60  vid: 149
[    24.760] (II) intel(0): #3: hsize: 1680  vsize 1050  refresh: 60  vid: 179
[    24.760] (II) intel(0): #4: hsize: 1920  vsize 1080  refresh: 60  vid: 49361
[    24.760] (II) intel(0): Supported detailed timing:
[    24.760] (II) intel(0): clock: 148.5 MHz   Image Size:  509 x 286 mm
[    24.760] (II) intel(0): h_active: 1920  h_sync: 2008  h_sync_end 2052 h_blank_end 2200 h_border: 0
[    24.760] (II) intel(0): v_active: 1080  v_sync: 1084  v_sync_end 1089 v_blanking: 1125 v_border: 0
[    24.760] (II) intel(0): Ranges: V min: 55 V max: 75 Hz, H min: 30 H max: 83 kHz, PixClock max 215 MHz
[    24.760] (II) intel(0): Monitor name: 2343
[    24.760] (II) intel(0): Serial No: ABHB1O2000937
[    24.760] (II) intel(0): EDID (in hex):
[    24.760] (II) intel(0): 	00ffffffffffff0005e34323a9030000
[    24.760] (II) intel(0): 	0215010380331d782a3585a656489a24
[    24.760] (II) intel(0): 	125054bfef00814081809500b300d1c0
[    24.760] (II) intel(0): 	010101010101023a801871382d40582c
[    24.760] (II) intel(0): 	4500fd1e1100001e000000fd00374b1e
[    24.760] (II) intel(0): 	5315000a202020202020000000fc0032
[    24.760] (II) intel(0): 	3334330a2020202020202020000000ff
[    24.760] (II) intel(0): 	0041424842314f32303030393337002f
[    24.760] (II) intel(0): Printing probed modes for output HDMI1
[    24.760] (II) intel(0): Modeline "1920x1080"x60.0  148.50  1920 2008 2052 2200  1080 1084 1089 1125 +hsync +vsync (67.5 kHz eP)
[    24.760] (II) intel(0): Modeline "1680x1050"x59.9  119.00  1680 1728 1760 1840  1050 1053 1059 1080 +hsync -vsync (64.7 kHz e)
[    24.760] (II) intel(0): Modeline "1280x1024"x75.0  135.00  1280 1296 1440 1688  1024 1025 1028 1066 +hsync +vsync (80.0 kHz e)
[    24.760] (II) intel(0): Modeline "1280x1024"x60.0  108.00  1280 1328 1440 1688  1024 1025 1028 1066 +hsync +vsync (64.0 kHz e)
[    24.760] (II) intel(0): Modeline "1440x900"x59.9   88.75  1440 1488 1520 1600  900 903 909 926 +hsync -vsync (55.5 kHz e)
[    24.760] (II) intel(0): Modeline "1280x960"x60.0  108.00  1280 1376 1488 1800  960 961 964 1000 +hsync +vsync (60.0 kHz e)
[    24.760] (II) intel(0): Modeline "1024x768"x75.0   78.75  1024 1040 1136 1312  768 769 772 800 +hsync +vsync (60.0 kHz e)
[    24.760] (II) intel(0): Modeline "1024x768"x70.1   75.00  1024 1048 1184 1328  768 771 777 806 -hsync -vsync (56.5 kHz e)
[    24.760] (II) intel(0): Modeline "1024x768"x60.0   65.00  1024 1048 1184 1344  768 771 777 806 -hsync -vsync (48.4 kHz e)
[    24.760] (II) intel(0): Modeline "832x624"x74.6   57.28  832 864 928 1152  624 625 628 667 -hsync -vsync (49.7 kHz e)
[    24.760] (II) intel(0): Modeline "800x600"x72.2   50.00  800 856 976 1040  600 637 643 666 +hsync +vsync (48.1 kHz e)
[    24.760] (II) intel(0): Modeline "800x600"x75.0   49.50  800 816 896 1056  600 601 604 625 +hsync +vsync (46.9 kHz e)
[    24.760] (II) intel(0): Modeline "800x600"x60.3   40.00  800 840 968 1056  600 601 605 628 +hsync +vsync (37.9 kHz e)
[    24.760] (II) intel(0): Modeline "800x600"x56.2   36.00  800 824 896 1024  600 601 603 625 +hsync +vsync (35.2 kHz e)
[    24.760] (II) intel(0): Modeline "640x480"x75.0   31.50  640 656 720 840  480 481 484 500 -hsync -vsync (37.5 kHz e)
[    24.760] (II) intel(0): Modeline "640x480"x72.8   31.50  640 664 704 832  480 489 492 520 -hsync -vsync (37.9 kHz e)
[    24.760] (II) intel(0): Modeline "640x480"x66.7   30.24  640 704 768 864  480 483 486 525 -hsync -vsync (35.0 kHz e)
[    24.760] (II) intel(0): Modeline "640x480"x59.9   25.18  640 656 752 800  480 490 492 525 -hsync -vsync (31.5 kHz e)
[    24.760] (II) intel(0): Modeline "720x400"x70.1   28.32  720 738 846 900  400 412 414 449 -hsync +vsync (31.5 kHz e)
[    24.867] (II) intel(0): EDID for output DP1
[    24.867] (II) intel(0): Output VGA1 disconnected
[    24.867] (II) intel(0): Output HDMI1 connected
[    24.867] (II) intel(0): Output DP1 disconnected
[    24.867] (II) intel(0): Using exact sizes for initial modes
[    24.867] (II) intel(0): Output HDMI1 using initial mode 1920x1080 +0+0
[    24.867] (II) intel(0): Kernel page flipping support detected, enabling
[    24.867] (==) intel(0): Using gamma correction (1.0, 1.0, 1.0)
[    24.867] (==) intel(0): DPI set to (96, 96)
[    24.867] (II) Loading sub module "fb"
[    24.867] (II) LoadModule: "fb"
[    24.867] (II) Module "fb" already built-in
[    24.867] (II) Loading sub module "dri2"
[    24.867] (II) LoadModule: "dri2"
[    24.867] (II) Module "dri2" already built-in
[    24.867] (II) intel(0): Allocated new frame buffer 1920x1080 stride 7680, tiled
[    24.885] (II) UXA(0): Driver registered support for the following operations:
[    24.885] (II)         solid
[    24.885] (II)         copy
[    24.885] (II)         composite (RENDER acceleration)
[    24.885] (II)         put_image
[    24.885] (II)         get_image
[    24.885] (II) intel(0): [DRI2] Setup complete
[    24.885] (II) intel(0): [DRI2]   DRI driver: i965
[    24.885] (II) intel(0): [DRI2]   VDPAU driver: va_gl
[    24.885] (==) intel(0): Backing store enabled
[    24.885] (==) intel(0): Silken mouse enabled
[    24.885] (II) intel(0): Initializing HW Cursor
[    24.885] (==) intel(0): DPMS enabled
[    24.885] (==) intel(0): Intel XvMC decoder enabled
[    24.886] (II) intel(0): Set up textured video
[    24.886] (II) intel(0): [XvMC] xvmc_vld driver initialized.
[    24.886] (II) intel(0): DRI2: Enabled
[    24.886] (II) intel(0): DRI3: Disabled
[    24.886] (==) intel(0): hotplug detection: "enabled"
[    24.918] (II) Initializing extension Generic Event Extension
[    24.918] (II) Initializing extension SHAPE
[    24.918] (II) Initializing extension MIT-SHM
[    24.918] (II) Initializing extension XInputExtension
[    24.918] (II) Initializing extension XTEST
[    24.918] (II) Initializing extension BIG-REQUESTS
[    24.918] (II) Initializing extension SYNC
[    24.919] (II) Initializing extension XKEYBOARD
[    24.919] (II) Initializing extension XC-MISC
[    24.919] (II) Initializing extension SECURITY
[    24.919] (II) Initializing extension XFIXES
[    24.919] (II) Initializing extension RENDER
[    24.919] (II) Initializing extension RANDR
[    24.919] (II) Initializing extension COMPOSITE
[    24.920] (II) Initializing extension DAMAGE
[    24.920] (II) Initializing extension MIT-SCREEN-SAVER
[    24.920] (II) Initializing extension DOUBLE-BUFFER
[    24.920] (II) Initializing extension RECORD
[    24.920] (II) Initializing extension DPMS
[    24.921] (II) Initializing extension Present
[    24.921] (II) Initializing extension DRI3
[    24.921] (II) Initializing extension X-Resource
[    24.921] (II) Initializing extension XVideo
[    24.921] (II) Initializing extension XVideo-MotionCompensation
[    24.921] (II) Initializing extension GLX
[    24.933] (EE) AIGLX error: dlopen of /usr/lib/dri/i965_dri.so failed (/usr/lib/dri/i965_dri.so: cannot open shared object file: No such file or directory)
[    24.933] (EE) AIGLX error: unable to load driver i965
[    26.817] (II) IGLX: Loaded and initialized swrast
[    26.817] (II) GLX: Initialized DRISWRAST GL provider for screen 0
[    26.817] (II) Initializing extension XFree86-VidModeExtension
[    26.817] (II) Initializing extension XFree86-DGA
[    26.817] (II) Initializing extension XFree86-DRI
[    26.817] (II) Initializing extension DRI2
[    26.818] (II) intel(0): Setting screen physical size to 508 x 285
[    26.927] (II) config/udev: Adding input device Power Button (/dev/input/event1)
[    26.927] (**) Power Button: Applying InputClass "libinput keyboard catchall"
[    26.927] (**) Power Button: Applying InputClass "system-keyboard"
[    26.927] (II) LoadModule: "libinput"
[    26.927] (II) Loading /usr/lib/xorg/modules/input/libinput_drv.so
[    26.941] (II) Module libinput: vendor="X.Org Foundation"
[    26.941] 	compiled for 1.21.1.13, module version = 1.5.0
[    26.941] 	Module class: X.Org XInput Driver
[    26.941] 	ABI class: X.Org XInput driver, version 24.4
[    26.941] (II) Using input driver 'libinput' for 'Power Button'
[    26.941] (**) Power Button: always reports core events
[    26.941] (**) Option "Device" "/dev/input/event1"
[    26.949] (II) event1  - Power Button: is tagged by udev as: Keyboard
[    26.949] (II) event1  - Power Button: device is a keyboard
[    26.949] (II) event1  - Power Button: device removed
[    26.953] (**) Option "config_info" "udev:/sys/devices/LNXSYSTM:00/LNXPWRBN:00/input/input1/event1"
[    26.953] (II) XINPUT: Adding extended input device "Power Button" (type: KEYBOARD, id 6)
[    26.953] (**) Option "xkb_model" "abnt2"
[    26.953] (**) Option "xkb_layout" "br"
[    26.953] (**) Option "xkb_options" "terminate:ctrl_alt_bksp"
[    26.982] (II) event1  - Power Button: is tagged by udev as: Keyboard
[    26.982] (II) event1  - Power Button: device is a keyboard
[    26.983] (II) config/udev: Adding input device Video Bus (/dev/input/event7)
[    26.983] (**) Video Bus: Applying InputClass "libinput keyboard catchall"
[    26.983] (**) Video Bus: Applying InputClass "system-keyboard"
[    26.983] (II) Using input driver 'libinput' for 'Video Bus'
[    26.983] (**) Video Bus: always reports core events
[    26.983] (**) Option "Device" "/dev/input/event7"
[    26.985] (II) event7  - Video Bus: is tagged by udev as: Keyboard
[    26.985] (II) event7  - Video Bus: device is a keyboard
[    26.985] (II) event7  - Video Bus: device removed
[    26.998] (**) Option "config_info" "udev:/sys/devices/LNXSYSTM:00/LNXSYBUS:00/PNP0A03:00/LNXVIDEO:00/input/input8/event7"
[    26.998] (II) XINPUT: Adding extended input device "Video Bus" (type: KEYBOARD, id 7)
[    26.998] (**) Option "xkb_model" "abnt2"
[    26.998] (**) Option "xkb_layout" "br"
[    26.998] (**) Option "xkb_options" "terminate:ctrl_alt_bksp"
[    26.999] (II) event7  - Video Bus: is tagged by udev as: Keyboard
[    26.999] (II) event7  - Video Bus: device is a keyboard
[    27.000] (II) config/udev: Adding input device Power Button (/dev/input/event0)
[    27.000] (**) Power Button: Applying InputClass "libinput keyboard catchall"
[    27.000] (**) Power Button: Applying InputClass "system-keyboard"
[    27.000] (II) Using input driver 'libinput' for 'Power Button'
[    27.000] (**) Power Button: always reports core events
[    27.000] (**) Option "Device" "/dev/input/event0"
[    27.002] (II) event0  - Power Button: is tagged by udev as: Keyboard
[    27.002] (II) event0  - Power Button: device is a keyboard
[    27.002] (II) event0  - Power Button: device removed
[    27.011] (**) Option "config_info" "udev:/sys/devices/LNXSYSTM:00/LNXSYBUS:00/PNP0A03:00/PNP0C0C:00/input/input0/event0"
[    27.011] (II) XINPUT: Adding extended input device "Power Button" (type: KEYBOARD, id 8)
[    27.011] (**) Option "xkb_model" "abnt2"
[    27.011] (**) Option "xkb_layout" "br"
[    27.011] (**) Option "xkb_options" "terminate:ctrl_alt_bksp"
[    27.012] (II) event0  - Power Button: is tagged by udev as: Keyboard
[    27.012] (II) event0  - Power Button: device is a keyboard
[    27.015] (II) config/udev: Adding input device USB OPTICAL MOUSE  (/dev/input/event5)
[    27.015] (**) USB OPTICAL MOUSE : Applying InputClass "libinput pointer catchall"
[    27.015] (II) Using input driver 'libinput' for 'USB OPTICAL MOUSE '
[    27.015] (**) USB OPTICAL MOUSE : always reports core events
[    27.015] (**) Option "Device" "/dev/input/event5"
[    27.067] (II) event5  - USB OPTICAL MOUSE : is tagged by udev as: Mouse
[    27.068] (II) event5  - USB OPTICAL MOUSE : device is a pointer
[    27.068] (II) event5  - USB OPTICAL MOUSE : device removed
[    27.082] (II) libinput: USB OPTICAL MOUSE : Step value 0 was provided, libinput Fallback acceleration function is used.
[    27.082] (II) libinput: USB OPTICAL MOUSE : Step value 0 was provided, libinput Fallback acceleration function is used.
[    27.082] (II) libinput: USB OPTICAL MOUSE : Step value 0 was provided, libinput Fallback acceleration function is used.
[    27.082] (**) Option "config_info" "udev:/sys/devices/pci0000:00/0000:00:1a.0/usb1/1-1/1-1:1.0/0003:4E53:5407.0003/input/input5/event5"
[    27.082] (II) XINPUT: Adding extended input device "USB OPTICAL MOUSE " (type: MOUSE, id 9)
[    27.082] (**) Option "AccelerationScheme" "none"
[    27.082] (**) USB OPTICAL MOUSE : (accel) selected scheme none/0
[    27.082] (**) USB OPTICAL MOUSE : (accel) acceleration factor: 2.000
[    27.082] (**) USB OPTICAL MOUSE : (accel) acceleration threshold: 4
[    27.135] (II) event5  - USB OPTICAL MOUSE : is tagged by udev as: Mouse
[    27.135] (II) event5  - USB OPTICAL MOUSE : device is a pointer
[    27.137] (II) config/udev: Adding input device USB OPTICAL MOUSE  (/dev/input/mouse0)
[    27.137] (II) No input driver specified, ignoring this device.
[    27.137] (II) This device may have been added with another device file.
[    27.138] (II) config/udev: Adding input device USB OPTICAL MOUSE  Keyboard (/dev/input/event6)
[    27.138] (**) USB OPTICAL MOUSE  Keyboard: Applying InputClass "libinput keyboard catchall"
[    27.139] (**) USB OPTICAL MOUSE  Keyboard: Applying InputClass "system-keyboard"
[    27.139] (II) Using input driver 'libinput' for 'USB OPTICAL MOUSE  Keyboard'
[    27.139] (**) USB OPTICAL MOUSE  Keyboard: always reports core events
[    27.139] (**) Option "Device" "/dev/input/event6"
[    27.141] (II) event6  - USB OPTICAL MOUSE  Keyboard: is tagged by udev as: Keyboard
[    27.141] (II) event6  - USB OPTICAL MOUSE  Keyboard: device is a keyboard
[    27.141] (II) event6  - USB OPTICAL MOUSE  Keyboard: device removed
[    27.147] (II) libinput: USB OPTICAL MOUSE  Keyboard: needs a virtual subdevice
[    27.147] (**) Option "config_info" "udev:/sys/devices/pci0000:00/0000:00:1a.0/usb1/1-1/1-1:1.1/0003:4E53:5407.0004/input/input6/event6"
[    27.147] (II) XINPUT: Adding extended input device "USB OPTICAL MOUSE  Keyboard" (type: MOUSE, id 10)
[    27.147] (**) Option "AccelerationScheme" "none"
[    27.147] (**) USB OPTICAL MOUSE  Keyboard: (accel) selected scheme none/0
[    27.147] (**) USB OPTICAL MOUSE  Keyboard: (accel) acceleration factor: 2.000
[    27.147] (**) USB OPTICAL MOUSE  Keyboard: (accel) acceleration threshold: 4
[    27.149] (II) event6  - USB OPTICAL MOUSE  Keyboard: is tagged by udev as: Keyboard
[    27.149] (II) event6  - USB OPTICAL MOUSE  Keyboard: device is a keyboard
[    27.150] (II) config/udev: Adding input device HDA Intel Front Mic (/dev/input/event9)
[    27.150] (II) No input driver specified, ignoring this device.
[    27.150] (II) This device may have been added with another device file.
[    27.151] (II) config/udev: Adding input device HDA Intel Rear Mic (/dev/input/event10)
[    27.151] (II) No input driver specified, ignoring this device.
[    27.151] (II) This device may have been added with another device file.
[    27.152] (II) config/udev: Adding input device HDA Intel Line (/dev/input/event11)
[    27.152] (II) No input driver specified, ignoring this device.
[    27.152] (II) This device may have been added with another device file.
[    27.153] (II) config/udev: Adding input device HDA Intel Line Out (/dev/input/event12)
[    27.153] (II) No input driver specified, ignoring this device.
[    27.153] (II) This device may have been added with another device file.
[    27.154] (II) config/udev: Adding input device HDA Intel Front Headphone (/dev/input/event13)
[    27.154] (II) No input driver specified, ignoring this device.
[    27.154] (II) This device may have been added with another device file.
[    27.156] (II) config/udev: Adding input device SEM USB Keyboard (/dev/input/event2)
[    27.156] (**) SEM USB Keyboard: Applying InputClass "libinput keyboard catchall"
[    27.156] (**) SEM USB Keyboard: Applying InputClass "system-keyboard"
[    27.156] (II) Using input driver 'libinput' for 'SEM USB Keyboard'
[    27.156] (**) SEM USB Keyboard: always reports core events
[    27.156] (**) Option "Device" "/dev/input/event2"
[    27.158] (II) event2  - SEM USB Keyboard: is tagged by udev as: Keyboard
[    27.158] (II) event2  - SEM USB Keyboard: device is a keyboard
[    27.158] (II) event2  - SEM USB Keyboard: device removed
[    27.167] (**) Option "config_info" "udev:/sys/devices/pci0000:00/0000:00:1d.1/usb7/7-1/7-1:1.0/0003:1A2C:2124.0001/input/input2/event2"
[    27.167] (II) XINPUT: Adding extended input device "SEM USB Keyboard" (type: KEYBOARD, id 11)
[    27.167] (**) Option "xkb_model" "abnt2"
[    27.167] (**) Option "xkb_layout" "br"
[    27.167] (**) Option "xkb_options" "terminate:ctrl_alt_bksp"
[    27.169] (II) event2  - SEM USB Keyboard: is tagged by udev as: Keyboard
[    27.169] (II) event2  - SEM USB Keyboard: device is a keyboard
[    27.171] (II) config/udev: Adding input device SEM USB Keyboard Consumer Control (/dev/input/event3)
[    27.171] (**) SEM USB Keyboard Consumer Control: Applying InputClass "libinput keyboard catchall"
[    27.171] (**) SEM USB Keyboard Consumer Control: Applying InputClass "system-keyboard"
[    27.171] (II) Using input driver 'libinput' for 'SEM USB Keyboard Consumer Control'
[    27.171] (**) SEM USB Keyboard Consumer Control: always reports core events
[    27.171] (**) Option "Device" "/dev/input/event3"
[    27.173] (II) event3  - SEM USB Keyboard Consumer Control: is tagged by udev as: Keyboard
[    27.173] (II) event3  - SEM USB Keyboard Consumer Control: device is a keyboard
[    27.173] (II) event3  - SEM USB Keyboard Consumer Control: device removed
[    27.182] (II) libinput: SEM USB Keyboard Consumer Control: needs a virtual subdevice
[    27.182] (**) Option "config_info" "udev:/sys/devices/pci0000:00/0000:00:1d.1/usb7/7-1/7-1:1.1/0003:1A2C:2124.0002/input/input3/event3"
[    27.182] (II) XINPUT: Adding extended input device "SEM USB Keyboard Consumer Control" (type: MOUSE, id 12)
[    27.182] (**) Option "AccelerationScheme" "none"
[    27.182] (**) SEM USB Keyboard Consumer Control: (accel) selected scheme none/0
[    27.182] (**) SEM USB Keyboard Consumer Control: (accel) acceleration factor: 2.000
[    27.182] (**) SEM USB Keyboard Consumer Control: (accel) acceleration threshold: 4
[    27.184] (II) event3  - SEM USB Keyboard Consumer Control: is tagged by udev as: Keyboard
[    27.184] (II) event3  - SEM USB Keyboard Consumer Control: device is a keyboard
[    27.186] (II) config/udev: Adding input device SEM USB Keyboard System Control (/dev/input/event4)
[    27.186] (**) SEM USB Keyboard System Control: Applying InputClass "libinput keyboard catchall"
[    27.186] (**) SEM USB Keyboard System Control: Applying InputClass "system-keyboard"
[    27.186] (II) Using input driver 'libinput' for 'SEM USB Keyboard System Control'
[    27.186] (**) SEM USB Keyboard System Control: always reports core events
[    27.186] (**) Option "Device" "/dev/input/event4"
[    27.188] (II) event4  - SEM USB Keyboard System Control: is tagged by udev as: Keyboard
[    27.188] (II) event4  - SEM USB Keyboard System Control: device is a keyboard
[    27.188] (II) event4  - SEM USB Keyboard System Control: device removed
[    27.195] (**) Option "config_info" "udev:/sys/devices/pci0000:00/0000:00:1d.1/usb7/7-1/7-1:1.1/0003:1A2C:2124.0002/input/input4/event4"
[    27.195] (II) XINPUT: Adding extended input device "SEM USB Keyboard System Control" (type: KEYBOARD, id 13)
[    27.195] (**) Option "xkb_model" "abnt2"
[    27.195] (**) Option "xkb_layout" "br"
[    27.195] (**) Option "xkb_options" "terminate:ctrl_alt_bksp"
[    27.197] (II) event4  - SEM USB Keyboard System Control: is tagged by udev as: Keyboard
[    27.197] (II) event4  - SEM USB Keyboard System Control: device is a keyboard
[    27.198] (II) config/udev: Adding input device PC Speaker (/dev/input/event8)
[    27.198] (II) No input driver specified, ignoring this device.
[    27.198] (II) This device may have been added with another device file.
[    27.213] (**) USB OPTICAL MOUSE  Keyboard: Applying InputClass "libinput keyboard catchall"
[    27.213] (**) USB OPTICAL MOUSE  Keyboard: Applying InputClass "system-keyboard"
[    27.213] (II) Using input driver 'libinput' for 'USB OPTICAL MOUSE  Keyboard'
[    27.213] (**) USB OPTICAL MOUSE  Keyboard: always reports core events
[    27.213] (**) Option "Device" "/dev/input/event6"
[    27.213] (II) libinput: USB OPTICAL MOUSE  Keyboard: is a virtual subdevice
[    27.214] (**) Option "config_info" "udev:/sys/devices/pci0000:00/0000:00:1a.0/usb1/1-1/1-1:1.1/0003:4E53:5407.0004/input/input6/event6"
[    27.214] (II) XINPUT: Adding extended input device "USB OPTICAL MOUSE  Keyboard" (type: KEYBOARD, id 14)
[    27.214] (**) Option "xkb_model" "abnt2"
[    27.214] (**) Option "xkb_layout" "br"
[    27.214] (**) Option "xkb_options" "terminate:ctrl_alt_bksp"
[    27.214] (**) SEM USB Keyboard Consumer Control: Applying InputClass "libinput keyboard catchall"
[    27.214] (**) SEM USB Keyboard Consumer Control: Applying InputClass "system-keyboard"
[    27.214] (II) Using input driver 'libinput' for 'SEM USB Keyboard Consumer Control'
[    27.214] (**) SEM USB Keyboard Consumer Control: always reports core events
[    27.214] (**) Option "Device" "/dev/input/event3"
[    27.214] (II) libinput: SEM USB Keyboard Consumer Control: is a virtual subdevice
[    27.214] (**) Option "config_info" "udev:/sys/devices/pci0000:00/0000:00:1d.1/usb7/7-1/7-1:1.1/0003:1A2C:2124.0002/input/input3/event3"
[    27.214] (II) XINPUT: Adding extended input device "SEM USB Keyboard Consumer Control" (type: KEYBOARD, id 15)
[    27.214] (**) Option "xkb_model" "abnt2"
[    27.214] (**) Option "xkb_layout" "br"
[    27.214] (**) Option "xkb_options" "terminate:ctrl_alt_bksp"
[    27.723] (II) event1  - Power Button: device removed
[    27.729] (II) event7  - Video Bus: device removed
[    27.750] (II) event0  - Power Button: device removed
[    27.759] (II) event5  - USB OPTICAL MOUSE : device removed
[    27.769] (II) event2  - SEM USB Keyboard: device removed
[    27.773] (II) event4  - SEM USB Keyboard System Control: device removed
[    27.777] (II) event6  - USB OPTICAL MOUSE  Keyboard: device removed
[    27.781] (II) event3  - SEM USB Keyboard Consumer Control: device removed
[    90.335] (II) intel(0): EDID vendor "AOC", prod id 9027
[    90.335] (II) intel(0): Using EDID range info for horizontal sync
[    90.335] (II) intel(0): Using EDID range info for vertical refresh
[    90.335] (II) intel(0): Printing DDC gathered Modelines:
[    90.335] (II) intel(0): Modeline "1920x1080"x0.0  148.50  1920 2008 2052 2200  1080 1084 1089 1125 +hsync +vsync (67.5 kHz eP)
[    90.335] (II) intel(0): Modeline "800x600"x0.0   40.00  800 840 968 1056  600 601 605 628 +hsync +vsync (37.9 kHz e)
[    90.335] (II) intel(0): Modeline "800x600"x0.0   36.00  800 824 896 1024  600 601 603 625 +hsync +vsync (35.2 kHz e)
[    90.335] (II) intel(0): Modeline "640x480"x0.0   31.50  640 656 720 840  480 481 484 500 -hsync -vsync (37.5 kHz e)
[    90.335] (II) intel(0): Modeline "640x480"x0.0   31.50  640 664 704 832  480 489 492 520 -hsync -vsync (37.9 kHz e)
[    90.335] (II) intel(0): Modeline "640x480"x0.0   30.24  640 704 768 864  480 483 486 525 -hsync -vsync (35.0 kHz e)
[    90.335] (II) intel(0): Modeline "640x480"x0.0   25.18  640 656 752 800  480 490 492 525 -hsync -vsync (31.5 kHz e)
[    90.335] (II) intel(0): Modeline "720x400"x0.0   28.32  720 738 846 900  400 412 414 449 -hsync +vsync (31.5 kHz e)
[    90.335] (II) intel(0): Modeline "1280x1024"x0.0  135.00  1280 1296 1440 1688  1024 1025 1028 1066 +hsync +vsync (80.0 kHz e)
[    90.335] (II) intel(0): Modeline "1024x768"x0.0   78.75  1024 1040 1136 1312  768 769 772 800 +hsync +vsync (60.0 kHz e)
[    90.335] (II) intel(0): Modeline "1024x768"x0.0   75.00  1024 1048 1184 1328  768 771 777 806 -hsync -vsync (56.5 kHz e)
[    90.335] (II) intel(0): Modeline "1024x768"x0.0   65.00  1024 1048 1184 1344  768 771 777 806 -hsync -vsync (48.4 kHz e)
[    90.335] (II) intel(0): Modeline "832x624"x0.0   57.28  832 864 928 1152  624 625 628 667 -hsync -vsync (49.7 kHz e)
[    90.335] (II) intel(0): Modeline "800x600"x0.0   49.50  800 816 896 1056  600 601 604 625 +hsync +vsync (46.9 kHz e)
[    90.335] (II) intel(0): Modeline "800x600"x0.0   50.00  800 856 976 1040  600 637 643 666 +hsync +vsync (48.1 kHz e)
[    90.335] (II) intel(0): Modeline "1280x960"x0.0  108.00  1280 1376 1488 1800  960 961 964 1000 +hsync +vsync (60.0 kHz e)
[    90.335] (II) intel(0): Modeline "1280x1024"x0.0  108.00  1280 1328 1440 1688  1024 1025 1028 1066 +hsync +vsync (64.0 kHz e)
[    90.335] (II) intel(0): Modeline "1440x900"x0.0   88.75  1440 1488 1520 1600  900 903 909 926 +hsync -vsync (55.5 kHz e)
[    90.335] (II) intel(0): Modeline "1680x1050"x0.0  119.00  1680 1728 1760 1840  1050 1053 1059 1080 +hsync -vsync (64.7 kHz e)
[    90.460] (II) event1  - Power Button: is tagged by udev as: Keyboard
[    90.460] (II) event1  - Power Button: device is a keyboard
[    90.462] (II) event7  - Video Bus: is tagged by udev as: Keyboard
[    90.462] (II) event7  - Video Bus: device is a keyboard
[    90.463] (II) event0  - Power Button: is tagged by udev as: Keyboard
[    90.463] (II) event0  - Power Button: device is a keyboard
[    90.516] (II) event5  - USB OPTICAL MOUSE : is tagged by udev as: Mouse
[    90.517] (II) event5  - USB OPTICAL MOUSE : device is a pointer
[    90.519] (II) event6  - USB OPTICAL MOUSE  Keyboard: is tagged by udev as: Keyboard
[    90.519] (II) event6  - USB OPTICAL MOUSE  Keyboard: device is a keyboard
[    90.522] (II) event2  - SEM USB Keyboard: is tagged by udev as: Keyboard
[    90.522] (II) event2  - SEM USB Keyboard: device is a keyboard
[    90.524] (II) event3  - SEM USB Keyboard Consumer Control: is tagged by udev as: Keyboard
[    90.524] (II) event3  - SEM USB Keyboard Consumer Control: device is a keyboard
[    90.526] (II) event4  - SEM USB Keyboard System Control: is tagged by udev as: Keyboard
[    90.527] (II) event4  - SEM USB Keyboard System Control: device is a keyboard
[    91.462] (II) event1  - Power Button: device removed
[    91.467] (II) event7  - Video Bus: device removed
[    91.484] (II) event0  - Power Button: device removed
[    91.488] (II) event5  - USB OPTICAL MOUSE : device removed
[    91.497] (II) event2  - SEM USB Keyboard: device removed
[    91.501] (II) event4  - SEM USB Keyboard System Control: device removed
[    91.505] (II) event6  - USB OPTICAL MOUSE  Keyboard: device removed
[    91.509] (II) event3  - SEM USB Keyboard Consumer Control: device removed
[    92.094] (II) intel(0): EDID vendor "AOC", prod id 9027
[    92.094] (II) intel(0): Using hsync ranges from config file
[    92.094] (II) intel(0): Using vrefresh ranges from config file
[    92.094] (II) intel(0): Printing DDC gathered Modelines:
[    92.094] (II) intel(0): Modeline "1920x1080"x0.0  148.50  1920 2008 2052 2200  1080 1084 1089 1125 +hsync +vsync (67.5 kHz eP)
[    92.094] (II) intel(0): Modeline "800x600"x0.0   40.00  800 840 968 1056  600 601 605 628 +hsync +vsync (37.9 kHz e)
[    92.094] (II) intel(0): Modeline "800x600"x0.0   36.00  800 824 896 1024  600 601 603 625 +hsync +vsync (35.2 kHz e)
[    92.094] (II) intel(0): Modeline "640x480"x0.0   31.50  640 656 720 840  480 481 484 500 -hsync -vsync (37.5 kHz e)
[    92.094] (II) intel(0): Modeline "640x480"x0.0   31.50  640 664 704 832  480 489 492 520 -hsync -vsync (37.9 kHz e)
[    92.094] (II) intel(0): Modeline "640x480"x0.0   30.24  640 704 768 864  480 483 486 525 -hsync -vsync (35.0 kHz e)
[    92.094] (II) intel(0): Modeline "640x480"x0.0   25.18  640 656 752 800  480 490 492 525 -hsync -vsync (31.5 kHz e)
[    92.094] (II) intel(0): Modeline "720x400"x0.0   28.32  720 738 846 900  400 412 414 449 -hsync +vsync (31.5 kHz e)
[    92.095] (II) intel(0): Modeline "1280x1024"x0.0  135.00  1280 1296 1440 1688  1024 1025 1028 1066 +hsync +vsync (80.0 kHz e)
[    92.095] (II) intel(0): Modeline "1024x768"x0.0   78.75  1024 1040 1136 1312  768 769 772 800 +hsync +vsync (60.0 kHz e)
[    92.095] (II) intel(0): Modeline "1024x768"x0.0   75.00  1024 1048 1184 1328  768 771 777 806 -hsync -vsync (56.5 kHz e)
[    92.095] (II) intel(0): Modeline "1024x768"x0.0   65.00  1024 1048 1184 1344  768 771 777 806 -hsync -vsync (48.4 kHz e)
[    92.095] (II) intel(0): Modeline "832x624"x0.0   57.28  832 864 928 1152  624 625 628 667 -hsync -vsync (49.7 kHz e)
[    92.095] (II) intel(0): Modeline "800x600"x0.0   49.50  800 816 896 1056  600 601 604 625 +hsync +vsync (46.9 kHz e)
[    92.095] (II) intel(0): Modeline "800x600"x0.0   50.00  800 856 976 1040  600 637 643 666 +hsync +vsync (48.1 kHz e)
[    92.095] (II) intel(0): Modeline "1280x960"x0.0  108.00  1280 1376 1488 1800  960 961 964 1000 +hsync +vsync (60.0 kHz e)
[    92.095] (II) intel(0): Modeline "1280x1024"x0.0  108.00  1280 1328 1440 1688  1024 1025 1028 1066 +hsync +vsync (64.0 kHz e)
[    92.095] (II) intel(0): Modeline "1440x900"x0.0   88.75  1440 1488 1520 1600  900 903 909 926 +hsync -vsync (55.5 kHz e)
[    92.095] (II) intel(0): Modeline "1680x1050"x0.0  119.00  1680 1728 1760 1840  1050 1053 1059 1080 +hsync -vsync (64.7 kHz e)
[    92.219] (II) event1  - Power Button: is tagged by udev as: Keyboard
[    92.220] (II) event1  - Power Button: device is a keyboard
[    92.221] (II) event7  - Video Bus: is tagged by udev as: Keyboard
[    92.221] (II) event7  - Video Bus: device is a keyboard
[    92.222] (II) event0  - Power Button: is tagged by udev as: Keyboard
[    92.223] (II) event0  - Power Button: device is a keyboard
[    92.276] (II) event5  - USB OPTICAL MOUSE : is tagged by udev as: Mouse
[    92.276] (II) event5  - USB OPTICAL MOUSE : device is a pointer
[    92.279] (II) event6  - USB OPTICAL MOUSE  Keyboard: is tagged by udev as: Keyboard
[    92.279] (II) event6  - USB OPTICAL MOUSE  Keyboard: device is a keyboard
[    92.281] (II) event2  - SEM USB Keyboard: is tagged by udev as: Keyboard
[    92.281] (II) event2  - SEM USB Keyboard: device is a keyboard
[    92.284] (II) event3  - SEM USB Keyboard Consumer Control: is tagged by udev as: Keyboard
[    92.284] (II) event3  - SEM USB Keyboard Consumer Control: device is a keyboard
[    92.286] (II) event4  - SEM USB Keyboard System Control: is tagged by udev as: Keyboard
[    92.286] (II) event4  - SEM USB Keyboard System Control: device is a keyboard
[    94.376] (II) event1  - Power Button: device removed
[    94.380] (II) event7  - Video Bus: device removed
[    94.388] (II) event0  - Power Button: device removed
[    94.392] (II) event5  - USB OPTICAL MOUSE : device removed
[    94.401] (II) event2  - SEM USB Keyboard: device removed
[    94.405] (II) event4  - SEM USB Keyboard System Control: device removed
[    94.409] (II) event6  - USB OPTICAL MOUSE  Keyboard: device removed
[    94.413] (II) event3  - SEM USB Keyboard Consumer Control: device removed
[    96.809] (II) intel(0): EDID vendor "AOC", prod id 9027
[    96.809] (II) intel(0): Using hsync ranges from config file
[    96.809] (II) intel(0): Using vrefresh ranges from config file
[    96.809] (II) intel(0): Printing DDC gathered Modelines:
[    96.809] (II) intel(0): Modeline "1920x1080"x0.0  148.50  1920 2008 2052 2200  1080 1084 1089 1125 +hsync +vsync (67.5 kHz eP)
[    96.809] (II) intel(0): Modeline "800x600"x0.0   40.00  800 840 968 1056  600 601 605 628 +hsync +vsync (37.9 kHz e)
[    96.809] (II) intel(0): Modeline "800x600"x0.0   36.00  800 824 896 1024  600 601 603 625 +hsync +vsync (35.2 kHz e)
[    96.809] (II) intel(0): Modeline "640x480"x0.0   31.50  640 656 720 840  480 481 484 500 -hsync -vsync (37.5 kHz e)
[    96.809] (II) intel(0): Modeline "640x480"x0.0   31.50  640 664 704 832  480 489 492 520 -hsync -vsync (37.9 kHz e)
[    96.809] (II) intel(0): Modeline "640x480"x0.0   30.24  640 704 768 864  480 483 486 525 -hsync -vsync (35.0 kHz e)
[    96.809] (II) intel(0): Modeline "640x480"x0.0   25.18  640 656 752 800  480 490 492 525 -hsync -vsync (31.5 kHz e)
[    96.809] (II) intel(0): Modeline "720x400"x0.0   28.32  720 738 846 900  400 412 414 449 -hsync +vsync (31.5 kHz e)
[    96.809] (II) intel(0): Modeline "1280x1024"x0.0  135.00  1280 1296 1440 1688  1024 1025 1028 1066 +hsync +vsync (80.0 kHz e)
[    96.809] (II) intel(0): Modeline "1024x768"x0.0   78.75  1024 1040 1136 1312  768 769 772 800 +hsync +vsync (60.0 kHz e)
[    96.809] (II) intel(0): Modeline "1024x768"x0.0   75.00  1024 1048 1184 1328  768 771 777 806 -hsync -vsync (56.5 kHz e)
[    96.809] (II) intel(0): Modeline "1024x768"x0.0   65.00  1024 1048 1184 1344  768 771 777 806 -hsync -vsync (48.4 kHz e)
[    96.809] (II) intel(0): Modeline "832x624"x0.0   57.28  832 864 928 1152  624 625 628 667 -hsync -vsync (49.7 kHz e)
[    96.809] (II) intel(0): Modeline "800x600"x0.0   49.50  800 816 896 1056  600 601 604 625 +hsync +vsync (46.9 kHz e)
[    96.809] (II) intel(0): Modeline "800x600"x0.0   50.00  800 856 976 1040  600 637 643 666 +hsync +vsync (48.1 kHz e)
[    96.809] (II) intel(0): Modeline "1280x960"x0.0  108.00  1280 1376 1488 1800  960 961 964 1000 +hsync +vsync (60.0 kHz e)
[    96.809] (II) intel(0): Modeline "1280x1024"x0.0  108.00  1280 1328 1440 1688  1024 1025 1028 1066 +hsync +vsync (64.0 kHz e)
[    96.809] (II) intel(0): Modeline "1440x900"x0.0   88.75  1440 1488 1520 1600  900 903 909 926 +hsync -vsync (55.5 kHz e)
[    96.809] (II) intel(0): Modeline "1680x1050"x0.0  119.00  1680 1728 1760 1840  1050 1053 1059 1080 +hsync -vsync (64.7 kHz e)
[    96.934] (II) event1  - Power Button: is tagged by udev as: Keyboard
[    96.934] (II) event1  - Power Button: device is a keyboard
[    96.936] (II) event7  - Video Bus: is tagged by udev as: Keyboard
[    96.936] (II) event7  - Video Bus: device is a keyboard
[    96.937] (II) event0  - Power Button: is tagged by udev as: Keyboard
[    96.937] (II) event0  - Power Button: device is a keyboard
[    96.991] (II) event5  - USB OPTICAL MOUSE : is tagged by udev as: Mouse
[    96.991] (II) event5  - USB OPTICAL MOUSE : device is a pointer
[    96.993] (II) event6  - USB OPTICAL MOUSE  Keyboard: is tagged by udev as: Keyboard
[    96.994] (II) event6  - USB OPTICAL MOUSE  Keyboard: device is a keyboard
[    96.996] (II) event2  - SEM USB Keyboard: is tagged by udev as: Keyboard
[    96.996] (II) event2  - SEM USB Keyboard: device is a keyboard
[    96.998] (II) event3  - SEM USB Keyboard Consumer Control: is tagged by udev as: Keyboard
[    96.999] (II) event3  - SEM USB Keyboard Consumer Control: device is a keyboard
[    97.001] (II) event4  - SEM USB Keyboard System Control: is tagged by udev as: Keyboard
[    97.001] (II) event4  - SEM USB Keyboard System Control: device is a keyboard
[   100.710] (II) event1  - Power Button: device removed
[   100.714] (II) event7  - Video Bus: device removed
[   100.721] (II) event0  - Power Button: device removed
[   100.725] (II) event5  - USB OPTICAL MOUSE : device removed
[   100.734] (II) event2  - SEM USB Keyboard: device removed
[   100.738] (II) event4  - SEM USB Keyboard System Control: device removed
[   100.742] (II) event6  - USB OPTICAL MOUSE  Keyboard: device removed
[   100.746] (II) event3  - SEM USB Keyboard Consumer Control: device removed
[   101.708] (II) intel(0): EDID vendor "AOC", prod id 9027
[   101.708] (II) intel(0): Using hsync ranges from config file
[   101.708] (II) intel(0): Using vrefresh ranges from config file
[   101.708] (II) intel(0): Printing DDC gathered Modelines:
[   101.708] (II) intel(0): Modeline "1920x1080"x0.0  148.50  1920 2008 2052 2200  1080 1084 1089 1125 +hsync +vsync (67.5 kHz eP)
[   101.708] (II) intel(0): Modeline "800x600"x0.0   40.00  800 840 968 1056  600 601 605 628 +hsync +vsync (37.9 kHz e)
[   101.708] (II) intel(0): Modeline "800x600"x0.0   36.00  800 824 896 1024  600 601 603 625 +hsync +vsync (35.2 kHz e)
[   101.708] (II) intel(0): Modeline "640x480"x0.0   31.50  640 656 720 840  480 481 484 500 -hsync -vsync (37.5 kHz e)
[   101.708] (II) intel(0): Modeline "640x480"x0.0   31.50  640 664 704 832  480 489 492 520 -hsync -vsync (37.9 kHz e)
[   101.708] (II) intel(0): Modeline "640x480"x0.0   30.24  640 704 768 864  480 483 486 525 -hsync -vsync (35.0 kHz e)
[   101.708] (II) intel(0): Modeline "640x480"x0.0   25.18  640 656 752 800  480 490 492 525 -hsync -vsync (31.5 kHz e)
[   101.708] (II) intel(0): Modeline "720x400"x0.0   28.32  720 738 846 900  400 412 414 449 -hsync +vsync (31.5 kHz e)
[   101.708] (II) intel(0): Modeline "1280x1024"x0.0  135.00  1280 1296 1440 1688  1024 1025 1028 1066 +hsync +vsync (80.0 kHz e)
[   101.709] (II) intel(0): Modeline "1024x768"x0.0   78.75  1024 1040 1136 1312  768 769 772 800 +hsync +vsync (60.0 kHz e)
[   101.709] (II) intel(0): Modeline "1024x768"x0.0   75.00  1024 1048 1184 1328  768 771 777 806 -hsync -vsync (56.5 kHz e)
[   101.709] (II) intel(0): Modeline "1024x768"x0.0   65.00  1024 1048 1184 1344  768 771 777 806 -hsync -vsync (48.4 kHz e)
[   101.709] (II) intel(0): Modeline "832x624"x0.0   57.28  832 864 928 1152  624 625 628 667 -hsync -vsync (49.7 kHz e)
[   101.709] (II) intel(0): Modeline "800x600"x0.0   49.50  800 816 896 1056  600 601 604 625 +hsync +vsync (46.9 kHz e)
[   101.709] (II) intel(0): Modeline "800x600"x0.0   50.00  800 856 976 1040  600 637 643 666 +hsync +vsync (48.1 kHz e)
[   101.709] (II) intel(0): Modeline "1280x960"x0.0  108.00  1280 1376 1488 1800  960 961 964 1000 +hsync +vsync (60.0 kHz e)
[   101.709] (II) intel(0): Modeline "1280x1024"x0.0  108.00  1280 1328 1440 1688  1024 1025 1028 1066 +hsync +vsync (64.0 kHz e)
[   101.709] (II) intel(0): Modeline "1440x900"x0.0   88.75  1440 1488 1520 1600  900 903 909 926 +hsync -vsync (55.5 kHz e)
[   101.709] (II) intel(0): Modeline "1680x1050"x0.0  119.00  1680 1728 1760 1840  1050 1053 1059 1080 +hsync -vsync (64.7 kHz e)
[   101.818] (II) event1  - Power Button: is tagged by udev as: Keyboard
[   101.818] (II) event1  - Power Button: device is a keyboard
[   101.820] (II) event7  - Video Bus: is tagged by udev as: Keyboard
[   101.820] (II) event7  - Video Bus: device is a keyboard
[   101.822] (II) event0  - Power Button: is tagged by udev as: Keyboard
[   101.822] (II) event0  - Power Button: device is a keyboard
[   101.876] (II) event5  - USB OPTICAL MOUSE : is tagged by udev as: Mouse
[   101.876] (II) event5  - USB OPTICAL MOUSE : device is a pointer
[   101.878] (II) event6  - USB OPTICAL MOUSE  Keyboard: is tagged by udev as: Keyboard
[   101.879] (II) event6  - USB OPTICAL MOUSE  Keyboard: device is a keyboard
[   101.881] (II) event2  - SEM USB Keyboard: is tagged by udev as: Keyboard
[   101.881] (II) event2  - SEM USB Keyboard: device is a keyboard
[   101.883] (II) event3  - SEM USB Keyboard Consumer Control: is tagged by udev as: Keyboard
[   101.884] (II) event3  - SEM USB Keyboard Consumer Control: device is a keyboard
[   101.886] (II) event4  - SEM USB Keyboard System Control: is tagged by udev as: Keyboard
[   101.886] (II) event4  - SEM USB Keyboard System Control: device is a keyboard
[   102.803] (II) event1  - Power Button: device removed
[   102.807] (II) event7  - Video Bus: device removed
[   102.815] (II) event0  - Power Button: device removed
[   102.819] (II) event5  - USB OPTICAL MOUSE : device removed
[   102.828] (II) event2  - SEM USB Keyboard: device removed
[   102.832] (II) event4  - SEM USB Keyboard System Control: device removed
[   102.836] (II) event6  - USB OPTICAL MOUSE  Keyboard: device removed
[   102.840] (II) event3  - SEM USB Keyboard Consumer Control: device removed
