[    22.475] (--) Log file renamed from "/var/log/Xorg.pid-745.log" to "/var/log/Xorg.0.log"
[    22.478] 
X.Org X Server 1.21.1.20
X Protocol Version 11, Revision 0
[    22.478] Current Operating System: Linux omarchy 6.17.7-arch1-1 #1 SMP PREEMPT_DYNAMIC Sun, 02 Nov 2025 17:27:22 +0000 x86_64
[    22.478] Kernel command line: quiet splash cryptdevice=PARTUUID=265cc117-02:root root=/dev/mapper/root zswap.enabled=0 rootflags=subvol=@ rw rootfstype=btrfs
[    22.478]  
[    22.478] Current version of pixman: 0.46.4
[    22.478] 	Before reporting problems, check http://wiki.x.org
	to make sure that you have the latest version.
[    22.478] Markers: (--) probed, (**) from config file, (==) default setting,
	(++) from command line, (!!) notice, (II) informational,
	(WW) warning, (EE) error, (NI) not implemented, (??) unknown.
[    22.478] (==) Log file: "/var/log/Xorg.0.log", Time: Fri Nov 14 04:58:24 2025
[    22.482] (==) Using config directory: "/etc/X11/xorg.conf.d"
[    22.482] (==) Using system config directory "/usr/share/X11/xorg.conf.d"
[    22.483] (==) No Layout section.  Using the first Screen section.
[    22.483] (==) No screen section available. Using defaults.
[    22.483] (**) |-->Screen "Default Screen Section" (0)
[    22.483] (**) |   |-->Monitor "<default monitor>"
[    22.483] (==) No device specified for screen "Default Screen Section".
	Using the first device section listed.
[    22.483] (**) |   |-->Device "Intel Graphics"
[    22.483] (**) |   |-->GPUDevice "Intel G45"
[    22.483] (==) No monitor specified for screen "Default Screen Section".
	Using a default monitor configuration.
[    22.483] (**) Allowing byte-swapped clients
[    22.483] (==) Automatically adding devices
[    22.483] (==) Automatically enabling devices
[    22.483] (==) Automatically adding GPU devices
[    22.483] (==) Automatically binding GPU devices
[    22.483] (==) Max clients allowed: 256, resource mask: 0x1fffff
[    22.493] (WW) The directory "/usr/share/fonts/misc" does not exist.
[    22.493] 	Entry deleted from font path.
[    22.496] (WW) `fonts.dir' not found (or not valid) in "/usr/share/fonts/TTF".
[    22.496] 	Entry deleted from font path.
[    22.496] 	(Run 'mkfontdir' on "/usr/share/fonts/TTF").
[    22.496] (WW) The directory "/usr/share/fonts/OTF" does not exist.
[    22.496] 	Entry deleted from font path.
[    22.496] (WW) The directory "/usr/share/fonts/Type1" does not exist.
[    22.496] 	Entry deleted from font path.
[    22.496] (WW) The directory "/usr/share/fonts/100dpi" does not exist.
[    22.496] 	Entry deleted from font path.
[    22.496] (WW) The directory "/usr/share/fonts/75dpi" does not exist.
[    22.496] 	Entry deleted from font path.
[    22.496] (==) FontPath set to:
	
[    22.496] (==) ModulePath set to "/usr/lib/xorg/modules"
[    22.496] (II) The server relies on udev to provide the list of input devices.
	If no devices become available, reconfigure udev or disable AutoAddDevices.
[    22.496] (II) Module ABI versions:
[    22.496] 	X.Org ANSI C Emulation: 0.4
[    22.496] 	X.Org Video Driver: 25.2
[    22.496] 	X.Org XInput driver : 24.4
[    22.496] 	X.Org Server Extension : 10.0
[    22.497] (++) using VT number 2

[    22.497] (II) systemd-logind: logind integration requires -keeptty and -keeptty was not provided, disabling logind integration
[    22.498] (II) xfree86: Adding drm device (/dev/dri/card1)
[    22.498] (II) Platform probe for /sys/devices/pci0000:00/0000:00:02.0/drm/card1
[    22.532] (--) PCI:*(0@0:2:0) 8086:2e12:17aa:3048 rev 3, Mem @ 0xfc000000/4194304, 0xe0000000/268435456, I/O @ 0x00001c70/8, BIOS @ 0x????????/131072
[    22.532] (--) PCI: (0@0:2:1) 8086:2e13:17aa:3048 rev 3, Mem @ 0xfc400000/1048576
[    22.533] (II) "glx" will be loaded by default.
[    22.533] (II) LoadModule: "dri"
[    22.533] (II) Module "dri" already built-in
[    22.533] (II) LoadModule: "dri2"
[    22.533] (II) Module "dri2" already built-in
[    22.533] (II) LoadModule: "glx"
[    22.533] (II) Loading /usr/lib/xorg/modules/extensions/libglx.so
[    22.641] (II) Module glx: vendor="X.Org Foundation"
[    22.641] 	compiled for 1.21.1.20, module version = 1.0.0
[    22.641] 	ABI class: X.Org Server Extension, version 10.0
[    22.641] (II) LoadModule: "intel"
[    22.641] (II) Loading /usr/lib/xorg/modules/drivers/intel_drv.so
[    22.763] (II) Module intel: vendor="X.Org Foundation"
[    22.763] 	compiled for 1.21.1.16, module version = 2.99.917
[    22.763] 	Module class: X.Org Video Driver
[    22.763] 	ABI class: X.Org Video Driver, version 25.2
[    22.763] (II) intel: Driver for Intel(R) Integrated Graphics Chipsets:
	i810, i810-dc100, i810e, i815, i830M, 845G, 854, 852GM/855GM, 865G,
	915G, E7221 (i915), 915GM, 945G, 945GM, 945GME, Pineview GM,
	Pineview G, 965G, G35, 965Q, 946GZ, 965GM, 965GME/GLE, G33, Q35, Q33,
	GM45, 4 Series, G45/G43, Q45/Q43, G41, B43
[    22.763] (II) intel: Driver for Intel(R) HD Graphics
[    22.763] (II) intel: Driver for Intel(R) Iris(TM) Graphics
[    22.763] (II) intel: Driver for Intel(R) Iris(TM) Pro Graphics
[    22.764] (II) intel(0): Using Kernel Mode Setting driver: i915, version 1.6.0 0
[    22.764] (II) intel(0): SNA compiled from 2.99.917-939-g4a64400e
[    22.765] (--) intel(0): Integrated Graphics Chipset: Intel(R) Q45/Q43
[    22.765] (--) intel(0): CPU: x86-64, sse2, sse3, ssse3, sse4.1; using a maximum of 2 threads
[    22.765] (II) intel(0): Creating default Display subsection in Screen section
	"Default Screen Section" for depth/fbbpp 24/32
[    22.765] (==) intel(0): Depth 24, (--) framebuffer bpp 32
[    22.765] (==) intel(0): RGB weight 888
[    22.765] (==) intel(0): Default visual is TrueColor
[    22.765] (**) intel(0): Option "DRI" "2"
[    22.765] (**) intel(0): Option "TearFree" "true"
[    22.767] (II) intel(0): Output VGA1 has no monitor section
[    22.767] (II) intel(0): Enabled output VGA1
[    22.767] (II) intel(0): Output HDMI1 has no monitor section
[    22.767] (II) intel(0): Enabled output HDMI1
[    22.767] (II) intel(0): Output DP1 has no monitor section
[    22.767] (II) intel(0): Enabled output DP1
[    22.767] (--) intel(0): Using a maximum size of 256x256 for hardware cursors
[    22.768] (II) intel(0): Output VIRTUAL1 has no monitor section
[    22.768] (II) intel(0): Enabled output VIRTUAL1
[    22.768] (--) intel(0): Output HDMI1 using initial mode 1920x1080 on crtc 0
[    22.768] (**) intel(0): TearFree enabled
[    22.768] (==) intel(0): Using gamma correction (1.0, 1.0, 1.0)
[    22.768] (==) intel(0): DPI set to (96, 96)
[    22.768] (II) Loading sub module "dri3"
[    22.768] (II) LoadModule: "dri3"
[    22.768] (II) Module "dri3" already built-in
[    22.768] (II) Loading sub module "dri2"
[    22.768] (II) LoadModule: "dri2"
[    22.768] (II) Module "dri2" already built-in
[    22.768] (II) Loading sub module "present"
[    22.768] (II) LoadModule: "present"
[    22.768] (II) Module "present" already built-in
[    22.768] (II) intel(0): SNA initialized with Eaglelake (gen4.5) backend
[    22.768] (==) intel(0): Backing store enabled
[    22.768] (==) intel(0): Silken mouse enabled
[    22.768] (II) intel(0): HW Cursor enabled
[    22.769] (==) intel(0): DPMS enabled
[    22.769] (==) intel(0): Display hotplug detection enabled
[    22.769] (II) intel(0): [XvMC] xvmc_vld driver initialized.
[    22.769] (II) intel(0): [DRI2] Setup complete
[    22.769] (II) intel(0): [DRI2]   DRI driver: i965
[    22.769] (II) intel(0): [DRI2]   VDPAU driver: va_gl
[    22.769] (II) intel(0): direct rendering: DRI2 enabled
[    22.769] (II) intel(0): hardware support for Present enabled
[    22.769] (II) Initializing extension Generic Event Extension
[    22.769] (II) Initializing extension SHAPE
[    22.769] (II) Initializing extension MIT-SHM
[    22.770] (II) Initializing extension XInputExtension
[    22.770] (II) Initializing extension XTEST
[    22.770] (II) Initializing extension BIG-REQUESTS
[    22.770] (II) Initializing extension SYNC
[    22.770] (II) Initializing extension XKEYBOARD
[    22.771] (II) Initializing extension XC-MISC
[    22.771] (II) Initializing extension SECURITY
[    22.771] (II) Initializing extension XFIXES
[    22.771] (II) Initializing extension RENDER
[    22.771] (II) Initializing extension RANDR
[    22.772] (II) Initializing extension COMPOSITE
[    22.772] (II) Initializing extension DAMAGE
[    22.772] (II) Initializing extension MIT-SCREEN-SAVER
[    22.772] (II) Initializing extension DOUBLE-BUFFER
[    22.773] (II) Initializing extension RECORD
[    22.773] (II) Initializing extension DPMS
[    22.773] (II) Initializing extension Present
[    22.773] (II) Initializing extension DRI3
[    22.773] (II) Initializing extension X-Resource
[    22.773] (II) Initializing extension XVideo
[    22.773] (II) Initializing extension XVideo-MotionCompensation
[    22.774] (II) Initializing extension GLX
[    23.016] (II) AIGLX: Loaded and initialized i965
[    23.016] (II) GLX: Initialized DRI2 GL provider for screen 0
[    23.016] (II) Initializing extension XFree86-VidModeExtension
[    23.016] (II) Initializing extension XFree86-DGA
[    23.016] (II) Initializing extension XFree86-DRI
[    23.016] (II) Initializing extension DRI2
[    23.027] (II) intel(0): switch to mode 1920x1080@60.0 on HDMI1 using crtc 0, position (0, 0), rotation normal, reflection none
[    23.045] (II) intel(0): Setting screen physical size to 508 x 285
[    23.190] (II) config/udev: Adding input device Power Button (/dev/input/event1)
[    23.190] (**) Power Button: Applying InputClass "libinput keyboard catchall"
[    23.190] (**) Power Button: Applying InputClass "system-keyboard"
[    23.190] (II) LoadModule: "libinput"
[    23.190] (II) Loading /usr/lib/xorg/modules/input/libinput_drv.so
[    23.202] (II) Module libinput: vendor="X.Org Foundation"
[    23.202] 	compiled for 1.21.1.13, module version = 1.5.0
[    23.202] 	Module class: X.Org XInput Driver
[    23.202] 	ABI class: X.Org XInput driver, version 24.4
[    23.202] (II) Using input driver 'libinput' for 'Power Button'
[    23.202] (**) Power Button: always reports core events
[    23.202] (**) Option "Device" "/dev/input/event1"
[    23.217] (II) event1  - Power Button: is tagged by udev as: Keyboard
[    23.218] (II) event1  - Power Button: device is a keyboard
[    23.218] (II) event1  - Power Button: device removed
[    23.221] (**) Option "config_info" "udev:/sys/devices/LNXSYSTM:00/LNXPWRBN:00/input/input1/event1"
[    23.221] (II) XINPUT: Adding extended input device "Power Button" (type: KEYBOARD, id 6)
[    23.221] (**) Option "xkb_model" "abnt2"
[    23.221] (**) Option "xkb_layout" "br"
[    23.221] (**) Option "xkb_options" "terminate:ctrl_alt_bksp"
[    23.257] (II) event1  - Power Button: is tagged by udev as: Keyboard
[    23.257] (II) event1  - Power Button: device is a keyboard
[    23.258] (II) config/udev: Adding input device Video Bus (/dev/input/event7)
[    23.258] (**) Video Bus: Applying InputClass "libinput keyboard catchall"
[    23.258] (**) Video Bus: Applying InputClass "system-keyboard"
[    23.258] (II) Using input driver 'libinput' for 'Video Bus'
[    23.258] (**) Video Bus: always reports core events
[    23.258] (**) Option "Device" "/dev/input/event7"
[    23.259] (II) event7  - Video Bus: is tagged by udev as: Keyboard
[    23.260] (II) event7  - Video Bus: device is a keyboard
[    23.260] (II) event7  - Video Bus: device removed
[    23.272] (**) Option "config_info" "udev:/sys/devices/LNXSYSTM:00/LNXSYBUS:00/PNP0A03:00/LNXVIDEO:00/input/input8/event7"
[    23.272] (II) XINPUT: Adding extended input device "Video Bus" (type: KEYBOARD, id 7)
[    23.272] (**) Option "xkb_model" "abnt2"
[    23.272] (**) Option "xkb_layout" "br"
[    23.272] (**) Option "xkb_options" "terminate:ctrl_alt_bksp"
[    23.273] (II) event7  - Video Bus: is tagged by udev as: Keyboard
[    23.273] (II) event7  - Video Bus: device is a keyboard
[    23.274] (II) config/udev: Adding input device Power Button (/dev/input/event0)
[    23.274] (**) Power Button: Applying InputClass "libinput keyboard catchall"
[    23.274] (**) Power Button: Applying InputClass "system-keyboard"
[    23.274] (II) Using input driver 'libinput' for 'Power Button'
[    23.275] (**) Power Button: always reports core events
[    23.275] (**) Option "Device" "/dev/input/event0"
[    23.276] (II) event0  - Power Button: is tagged by udev as: Keyboard
[    23.276] (II) event0  - Power Button: device is a keyboard
[    23.276] (II) event0  - Power Button: device removed
[    23.282] (**) Option "config_info" "udev:/sys/devices/LNXSYSTM:00/LNXSYBUS:00/PNP0A03:00/PNP0C0C:00/input/input0/event0"
[    23.282] (II) XINPUT: Adding extended input device "Power Button" (type: KEYBOARD, id 8)
[    23.282] (**) Option "xkb_model" "abnt2"
[    23.282] (**) Option "xkb_layout" "br"
[    23.282] (**) Option "xkb_options" "terminate:ctrl_alt_bksp"
[    23.283] (II) event0  - Power Button: is tagged by udev as: Keyboard
[    23.283] (II) event0  - Power Button: device is a keyboard
[    23.286] (II) config/udev: Adding input device USB OPTICAL MOUSE  (/dev/input/event2)
[    23.286] (**) USB OPTICAL MOUSE : Applying InputClass "libinput pointer catchall"
[    23.286] (II) Using input driver 'libinput' for 'USB OPTICAL MOUSE '
[    23.286] (**) USB OPTICAL MOUSE : always reports core events
[    23.286] (**) Option "Device" "/dev/input/event2"
[    23.338] (II) event2  - USB OPTICAL MOUSE : is tagged by udev as: Mouse
[    23.339] (II) event2  - USB OPTICAL MOUSE : device is a pointer
[    23.339] (II) event2  - USB OPTICAL MOUSE : device removed
[    23.348] (II) libinput: USB OPTICAL MOUSE : Step value 0 was provided, libinput Fallback acceleration function is used.
[    23.348] (II) libinput: USB OPTICAL MOUSE : Step value 0 was provided, libinput Fallback acceleration function is used.
[    23.348] (II) libinput: USB OPTICAL MOUSE : Step value 0 was provided, libinput Fallback acceleration function is used.
[    23.348] (**) Option "config_info" "udev:/sys/devices/pci0000:00/0000:00:1a.0/usb1/1-1/1-1:1.0/0003:4E53:5407.0001/input/input2/event2"
[    23.348] (II) XINPUT: Adding extended input device "USB OPTICAL MOUSE " (type: MOUSE, id 9)
[    23.348] (**) Option "AccelerationScheme" "none"
[    23.348] (**) USB OPTICAL MOUSE : (accel) selected scheme none/0
[    23.348] (**) USB OPTICAL MOUSE : (accel) acceleration factor: 2.000
[    23.348] (**) USB OPTICAL MOUSE : (accel) acceleration threshold: 4
[    23.402] (II) event2  - USB OPTICAL MOUSE : is tagged by udev as: Mouse
[    23.402] (II) event2  - USB OPTICAL MOUSE : device is a pointer
[    23.404] (II) config/udev: Adding input device USB OPTICAL MOUSE  (/dev/input/mouse0)
[    23.404] (II) No input driver specified, ignoring this device.
[    23.404] (II) This device may have been added with another device file.
[    23.405] (II) config/udev: Adding input device USB OPTICAL MOUSE  Keyboard (/dev/input/event3)
[    23.405] (**) USB OPTICAL MOUSE  Keyboard: Applying InputClass "libinput keyboard catchall"
[    23.405] (**) USB OPTICAL MOUSE  Keyboard: Applying InputClass "system-keyboard"
[    23.405] (II) Using input driver 'libinput' for 'USB OPTICAL MOUSE  Keyboard'
[    23.405] (**) USB OPTICAL MOUSE  Keyboard: always reports core events
[    23.405] (**) Option "Device" "/dev/input/event3"
[    23.408] (II) event3  - USB OPTICAL MOUSE  Keyboard: is tagged by udev as: Keyboard
[    23.408] (II) event3  - USB OPTICAL MOUSE  Keyboard: device is a keyboard
[    23.408] (II) event3  - USB OPTICAL MOUSE  Keyboard: device removed
[    23.411] (II) libinput: USB OPTICAL MOUSE  Keyboard: needs a virtual subdevice
[    23.411] (**) Option "config_info" "udev:/sys/devices/pci0000:00/0000:00:1a.0/usb1/1-1/1-1:1.1/0003:4E53:5407.0002/input/input3/event3"
[    23.411] (II) XINPUT: Adding extended input device "USB OPTICAL MOUSE  Keyboard" (type: MOUSE, id 10)
[    23.411] (**) Option "AccelerationScheme" "none"
[    23.411] (**) USB OPTICAL MOUSE  Keyboard: (accel) selected scheme none/0
[    23.411] (**) USB OPTICAL MOUSE  Keyboard: (accel) acceleration factor: 2.000
[    23.411] (**) USB OPTICAL MOUSE  Keyboard: (accel) acceleration threshold: 4
[    23.413] (II) event3  - USB OPTICAL MOUSE  Keyboard: is tagged by udev as: Keyboard
[    23.413] (II) event3  - USB OPTICAL MOUSE  Keyboard: device is a keyboard
[    23.414] (II) config/udev: Adding input device HDA Intel Front Mic (/dev/input/event9)
[    23.414] (II) No input driver specified, ignoring this device.
[    23.414] (II) This device may have been added with another device file.
[    23.415] (II) config/udev: Adding input device HDA Intel Rear Mic (/dev/input/event10)
[    23.415] (II) No input driver specified, ignoring this device.
[    23.415] (II) This device may have been added with another device file.
[    23.416] (II) config/udev: Adding input device HDA Intel Line (/dev/input/event11)
[    23.416] (II) No input driver specified, ignoring this device.
[    23.416] (II) This device may have been added with another device file.
[    23.417] (II) config/udev: Adding input device HDA Intel Line Out (/dev/input/event12)
[    23.417] (II) No input driver specified, ignoring this device.
[    23.417] (II) This device may have been added with another device file.
[    23.418] (II) config/udev: Adding input device HDA Intel Front Headphone (/dev/input/event13)
[    23.418] (II) No input driver specified, ignoring this device.
[    23.418] (II) This device may have been added with another device file.
[    23.419] (II) config/udev: Adding input device SEM USB Keyboard (/dev/input/event4)
[    23.419] (**) SEM USB Keyboard: Applying InputClass "libinput keyboard catchall"
[    23.419] (**) SEM USB Keyboard: Applying InputClass "system-keyboard"
[    23.419] (II) Using input driver 'libinput' for 'SEM USB Keyboard'
[    23.420] (**) SEM USB Keyboard: always reports core events
[    23.420] (**) Option "Device" "/dev/input/event4"
[    23.422] (II) event4  - SEM USB Keyboard: is tagged by udev as: Keyboard
[    23.422] (II) event4  - SEM USB Keyboard: device is a keyboard
[    23.422] (II) event4  - SEM USB Keyboard: device removed
[    23.426] (**) Option "config_info" "udev:/sys/devices/pci0000:00/0000:00:1d.1/usb5/5-1/5-1:1.0/0003:1A2C:2124.0003/input/input5/event4"
[    23.426] (II) XINPUT: Adding extended input device "SEM USB Keyboard" (type: KEYBOARD, id 11)
[    23.426] (**) Option "xkb_model" "abnt2"
[    23.426] (**) Option "xkb_layout" "br"
[    23.426] (**) Option "xkb_options" "terminate:ctrl_alt_bksp"
[    23.428] (II) event4  - SEM USB Keyboard: is tagged by udev as: Keyboard
[    23.428] (II) event4  - SEM USB Keyboard: device is a keyboard
[    23.430] (II) config/udev: Adding input device SEM USB Keyboard Consumer Control (/dev/input/event5)
[    23.430] (**) SEM USB Keyboard Consumer Control: Applying InputClass "libinput keyboard catchall"
[    23.430] (**) SEM USB Keyboard Consumer Control: Applying InputClass "system-keyboard"
[    23.430] (II) Using input driver 'libinput' for 'SEM USB Keyboard Consumer Control'
[    23.430] (**) SEM USB Keyboard Consumer Control: always reports core events
[    23.430] (**) Option "Device" "/dev/input/event5"
[    23.432] (II) event5  - SEM USB Keyboard Consumer Control: is tagged by udev as: Keyboard
[    23.433] (II) event5  - SEM USB Keyboard Consumer Control: device is a keyboard
[    23.433] (II) event5  - SEM USB Keyboard Consumer Control: device removed
[    23.439] (II) libinput: SEM USB Keyboard Consumer Control: needs a virtual subdevice
[    23.439] (**) Option "config_info" "udev:/sys/devices/pci0000:00/0000:00:1d.1/usb5/5-1/5-1:1.1/0003:1A2C:2124.0004/input/input6/event5"
[    23.439] (II) XINPUT: Adding extended input device "SEM USB Keyboard Consumer Control" (type: MOUSE, id 12)
[    23.439] (**) Option "AccelerationScheme" "none"
[    23.439] (**) SEM USB Keyboard Consumer Control: (accel) selected scheme none/0
[    23.439] (**) SEM USB Keyboard Consumer Control: (accel) acceleration factor: 2.000
[    23.439] (**) SEM USB Keyboard Consumer Control: (accel) acceleration threshold: 4
[    23.444] (II) event5  - SEM USB Keyboard Consumer Control: is tagged by udev as: Keyboard
[    23.444] (II) event5  - SEM USB Keyboard Consumer Control: device is a keyboard
[    23.446] (II) config/udev: Adding input device SEM USB Keyboard System Control (/dev/input/event6)
[    23.446] (**) SEM USB Keyboard System Control: Applying InputClass "libinput keyboard catchall"
[    23.446] (**) SEM USB Keyboard System Control: Applying InputClass "system-keyboard"
[    23.446] (II) Using input driver 'libinput' for 'SEM USB Keyboard System Control'
[    23.446] (**) SEM USB Keyboard System Control: always reports core events
[    23.446] (**) Option "Device" "/dev/input/event6"
[    23.452] (II) event6  - SEM USB Keyboard System Control: is tagged by udev as: Keyboard
[    23.452] (II) event6  - SEM USB Keyboard System Control: device is a keyboard
[    23.453] (II) event6  - SEM USB Keyboard System Control: device removed
[    23.456] (**) Option "config_info" "udev:/sys/devices/pci0000:00/0000:00:1d.1/usb5/5-1/5-1:1.1/0003:1A2C:2124.0004/input/input7/event6"
[    23.456] (II) XINPUT: Adding extended input device "SEM USB Keyboard System Control" (type: KEYBOARD, id 13)
[    23.456] (**) Option "xkb_model" "abnt2"
[    23.456] (**) Option "xkb_layout" "br"
[    23.456] (**) Option "xkb_options" "terminate:ctrl_alt_bksp"
[    23.458] (II) event6  - SEM USB Keyboard System Control: is tagged by udev as: Keyboard
[    23.458] (II) event6  - SEM USB Keyboard System Control: device is a keyboard
[    23.459] (II) config/udev: Adding input device PC Speaker (/dev/input/event8)
[    23.459] (II) No input driver specified, ignoring this device.
[    23.459] (II) This device may have been added with another device file.
[    23.495] (**) USB OPTICAL MOUSE  Keyboard: Applying InputClass "libinput keyboard catchall"
[    23.495] (**) USB OPTICAL MOUSE  Keyboard: Applying InputClass "system-keyboard"
[    23.495] (II) Using input driver 'libinput' for 'USB OPTICAL MOUSE  Keyboard'
[    23.495] (**) USB OPTICAL MOUSE  Keyboard: always reports core events
[    23.495] (**) Option "Device" "/dev/input/event3"
[    23.495] (II) libinput: USB OPTICAL MOUSE  Keyboard: is a virtual subdevice
[    23.495] (**) Option "config_info" "udev:/sys/devices/pci0000:00/0000:00:1a.0/usb1/1-1/1-1:1.1/0003:4E53:5407.0002/input/input3/event3"
[    23.495] (II) XINPUT: Adding extended input device "USB OPTICAL MOUSE  Keyboard" (type: KEYBOARD, id 14)
[    23.495] (**) Option "xkb_model" "abnt2"
[    23.495] (**) Option "xkb_layout" "br"
[    23.495] (**) Option "xkb_options" "terminate:ctrl_alt_bksp"
[    23.495] (**) SEM USB Keyboard Consumer Control: Applying InputClass "libinput keyboard catchall"
[    23.495] (**) SEM USB Keyboard Consumer Control: Applying InputClass "system-keyboard"
[    23.495] (II) Using input driver 'libinput' for 'SEM USB Keyboard Consumer Control'
[    23.495] (**) SEM USB Keyboard Consumer Control: always reports core events
[    23.495] (**) Option "Device" "/dev/input/event5"
[    23.495] (II) libinput: SEM USB Keyboard Consumer Control: is a virtual subdevice
[    23.496] (**) Option "config_info" "udev:/sys/devices/pci0000:00/0000:00:1d.1/usb5/5-1/5-1:1.1/0003:1A2C:2124.0004/input/input6/event5"
[    23.496] (II) XINPUT: Adding extended input device "SEM USB Keyboard Consumer Control" (type: KEYBOARD, id 15)
[    23.496] (**) Option "xkb_model" "abnt2"
[    23.496] (**) Option "xkb_layout" "br"
[    23.496] (**) Option "xkb_options" "terminate:ctrl_alt_bksp"
[    24.387] (II) event1  - Power Button: device removed
[    24.391] (II) event7  - Video Bus: device removed
[    24.402] (II) event0  - Power Button: device removed
[    24.406] (II) event2  - USB OPTICAL MOUSE : device removed
[    24.418] (II) event4  - SEM USB Keyboard: device removed
[    24.422] (II) event6  - SEM USB Keyboard System Control: device removed
[    24.426] (II) event3  - USB OPTICAL MOUSE  Keyboard: device removed
[    24.430] (II) event5  - SEM USB Keyboard Consumer Control: device removed
[    24.434] (II) AIGLX: Suspending AIGLX clients for VT switch
[    61.560] (II) AIGLX: Resuming AIGLX clients after VT switch
[    61.560] (II) intel(0): switch to mode 1920x1080@60.0 on HDMI1 using crtc 0, position (0, 0), rotation normal, reflection none
[    61.735] (II) event1  - Power Button: is tagged by udev as: Keyboard
[    61.735] (II) event1  - Power Button: device is a keyboard
[    61.737] (II) event7  - Video Bus: is tagged by udev as: Keyboard
[    61.737] (II) event7  - Video Bus: device is a keyboard
[    61.738] (II) event0  - Power Button: is tagged by udev as: Keyboard
[    61.738] (II) event0  - Power Button: device is a keyboard
[    61.792] (II) event2  - USB OPTICAL MOUSE : is tagged by udev as: Mouse
[    61.792] (II) event2  - USB OPTICAL MOUSE : device is a pointer
[    61.795] (II) event3  - USB OPTICAL MOUSE  Keyboard: is tagged by udev as: Keyboard
[    61.795] (II) event3  - USB OPTICAL MOUSE  Keyboard: device is a keyboard
[    61.797] (II) event4  - SEM USB Keyboard: is tagged by udev as: Keyboard
[    61.797] (II) event4  - SEM USB Keyboard: device is a keyboard
[    61.800] (II) event5  - SEM USB Keyboard Consumer Control: is tagged by udev as: Keyboard
[    61.801] (II) event5  - SEM USB Keyboard Consumer Control: device is a keyboard
[    61.803] (II) event6  - SEM USB Keyboard System Control: is tagged by udev as: Keyboard
[    61.803] (II) event6  - SEM USB Keyboard System Control: device is a keyboard
[    63.608] (II) event1  - Power Button: device removed
[    63.612] (II) event7  - Video Bus: device removed
[    63.620] (II) event0  - Power Button: device removed
[    63.624] (II) event2  - USB OPTICAL MOUSE : device removed
[    63.633] (II) event4  - SEM USB Keyboard: device removed
[    63.637] (II) event6  - SEM USB Keyboard System Control: device removed
[    63.641] (II) event3  - USB OPTICAL MOUSE  Keyboard: device removed
[    63.645] (II) event5  - SEM USB Keyboard Consumer Control: device removed
[    63.649] (II) AIGLX: Suspending AIGLX clients for VT switch
