[    22.478] Current Operating System: Linux omarchy 6.17.7-arch1-1 #1 SMP PREEMPT_DYNAMIC Sun, 02 Nov 2025 17:27:22 +0000 x86_64
	(WW) warning, (EE) error, (NI) not implemented, (??) unknown.
[    22.483] (==) No Layout section.  Using the first Screen section.
[    22.483] (==) No screen section available. Using defaults.
[    22.483] (**) |-->Screen "Default Screen Section" (0)
[    22.483] (==) No device specified for screen "Default Screen Section".
[    22.483] (**) |   |-->Device "Intel Graphics"
[    22.483] (**) |   |-->GPUDevice "Intel G45"
[    22.483] (==) No monitor specified for screen "Default Screen Section".
[    22.497] (II) systemd-logind: logind integration requires -keeptty and -keeptty was not provided, disabling logind integration
[    22.498] (II) xfree86: Adding drm device (/dev/dri/card1)
[    22.641] (II) LoadModule: "intel"
[    22.641] (II) Loading /usr/lib/xorg/modules/drivers/intel_drv.so
[    22.763] (II) Module intel: vendor="X.Org Foundation"
[    22.763] (II) intel: Driver for Intel(R) Integrated Graphics Chipsets:
	915G, E7221 (i915), 915GM, 945G, 945GM, 945GME, Pineview GM,
[    22.763] (II) intel: Driver for Intel(R) HD Graphics
[    22.763] (II) intel: Driver for Intel(R) Iris(TM) Graphics
[    22.763] (II) intel: Driver for Intel(R) Iris(TM) Pro Graphics
[    22.764] (II) intel(0): Using Kernel Mode Setting driver: i915, version 1.6.0 0
[    22.764] (II) intel(0): SNA compiled from 2.99.917-939-g4a64400e
[    22.765] (--) intel(0): Integrated Graphics Chipset: Intel(R) Q45/Q43
[    22.765] (--) intel(0): CPU: x86-64, sse2, sse3, ssse3, sse4.1; using a maximum of 2 threads
[    22.765] (II) intel(0): Creating default Display subsection in Screen section
	"Default Screen Section" for depth/fbbpp 24/32
[    22.765] (==) intel(0): Depth 24, (--) framebuffer bpp 32
[    22.765] (==) intel(0): RGB weight 888
[    22.765] (==) intel(0): Default visual is TrueColor
[    22.765] (**) intel(0): Option "DRI" "2"
[    22.765] (**) intel(0): Option "TearFree" "true"
[    22.767] (II) intel(0): Output VGA1 has no monitor section
[    22.767] (II) intel(0): Enabled output VGA1
[    22.767] (II) intel(0): Output HDMI1 has no monitor section
[    22.767] (II) intel(0): Enabled output HDMI1
[    22.767] (II) intel(0): Output DP1 has no monitor section
[    22.767] (II) intel(0): Enabled output DP1
[    22.767] (--) intel(0): Using a maximum size of 256x256 for hardware cursors
[    22.768] (II) intel(0): Output VIRTUAL1 has no monitor section
[    22.768] (II) intel(0): Enabled output VIRTUAL1
[    22.768] (--) intel(0): Output HDMI1 using initial mode 1920x1080 on crtc 0
[    22.768] (**) intel(0): TearFree enabled
[    22.768] (==) intel(0): Using gamma correction (1.0, 1.0, 1.0)
[    22.768] (==) intel(0): DPI set to (96, 96)
[    22.768] (II) intel(0): SNA initialized with Eaglelake (gen4.5) backend
[    22.768] (==) intel(0): Backing store enabled
[    22.768] (==) intel(0): Silken mouse enabled
[    22.768] (II) intel(0): HW Cursor enabled
[    22.769] (==) intel(0): DPMS enabled
[    22.769] (==) intel(0): Display hotplug detection enabled
[    22.769] (II) intel(0): [XvMC] xvmc_vld driver initialized.
[    22.769] (II) intel(0): [DRI2] Setup complete
[    22.769] (II) intel(0): [DRI2]   DRI driver: i965
[    22.769] (II) intel(0): [DRI2]   VDPAU driver: va_gl
[    22.769] (II) intel(0): direct rendering: DRI2 enabled
[    22.769] (II) intel(0): hardware support for Present enabled
[    22.772] (II) Initializing extension MIT-SCREEN-SAVER
[    23.016] (II) GLX: Initialized DRI2 GL provider for screen 0
[    23.016] (II) Initializing extension XFree86-VidModeExtension
[    23.016] (II) Initializing extension XFree86-DGA
[    23.016] (II) Initializing extension XFree86-DRI
[    23.027] (II) intel(0): switch to mode 1920x1080@60.0 on HDMI1 using crtc 0, position (0, 0), rotation normal, reflection none
[    23.045] (II) intel(0): Setting screen physical size to 508 x 285
[    23.404] (II) This device may have been added with another device file.
[    23.411] (II) libinput: USB OPTICAL MOUSE  Keyboard: needs a virtual subdevice
[    23.414] (II) config/udev: Adding input device HDA Intel Front Mic (/dev/input/event9)
[    23.414] (II) This device may have been added with another device file.
[    23.415] (II) config/udev: Adding input device HDA Intel Rear Mic (/dev/input/event10)
[    23.415] (II) This device may have been added with another device file.
[    23.416] (II) config/udev: Adding input device HDA Intel Line (/dev/input/event11)
[    23.416] (II) This device may have been added with another device file.
[    23.417] (II) config/udev: Adding input device HDA Intel Line Out (/dev/input/event12)
[    23.417] (II) This device may have been added with another device file.
[    23.418] (II) config/udev: Adding input device HDA Intel Front Headphone (/dev/input/event13)
[    23.418] (II) This device may have been added with another device file.
[    23.439] (II) libinput: SEM USB Keyboard Consumer Control: needs a virtual subdevice
[    23.459] (II) This device may have been added with another device file.
[    61.560] (II) intel(0): switch to mode 1920x1080@60.0 on HDMI1 using crtc 0, position (0, 0), rotation normal, reflection none
