[    25.048] (--) Log file renamed from "/var/log/Xorg.pid-740.log" to "/var/log/Xorg.0.log"
[    25.053] 
X.Org X Server 1.21.1.20
X Protocol Version 11, Revision 0
[    25.053] Current Operating System: Linux omarchy 6.17.7-arch1-1 #1 SMP PREEMPT_DYNAMIC Sun, 02 Nov 2025 17:27:22 +0000 x86_64
[    25.053] Kernel command line: i915.modeset=1 i915.force_probe=* video=SVIDEO-1:d cryptdevice=PARTUUID=265cc117-02:root root=/dev/mapper/root zswap.enabled=0 rootflags=subvol=@ rw rootfstype=btrfs
[    25.053]  
[    25.053] Current version of pixman: 0.46.4
[    25.053] 	Before reporting problems, check http://wiki.x.org
	to make sure that you have the latest version.
[    25.053] Markers: (--) probed, (**) from config file, (==) default setting,
	(++) from command line, (!!) notice, (II) informational,
	(WW) warning, (EE) error, (NI) not implemented, (??) unknown.
[    25.053] (==) Log file: "/var/log/Xorg.0.log", Time: Fri Nov 14 04:11:28 2025
[    25.064] (==) Using config directory: "/etc/X11/xorg.conf.d"
[    25.064] (==) Using system config directory "/usr/share/X11/xorg.conf.d"
[    25.064] (==) No Layout section.  Using the first Screen section.
[    25.064] (==) No screen section available. Using defaults.
[    25.064] (**) |-->Screen "Default Screen Section" (0)
[    25.064] (**) |   |-->Monitor "<default monitor>"
[    25.065] (==) No device specified for screen "Default Screen Section".
	Using the first device section listed.
[    25.065] (**) |   |-->Device "Intel Graphics"
[    25.065] (==) No monitor specified for screen "Default Screen Section".
	Using a default monitor configuration.
[    25.065] (**) Allowing byte-swapped clients
[    25.065] (==) Automatically adding devices
[    25.065] (==) Automatically enabling devices
[    25.065] (==) Automatically adding GPU devices
[    25.065] (==) Automatically binding GPU devices
[    25.065] (==) Max clients allowed: 256, resource mask: 0x1fffff
[    25.066] (WW) The directory "/usr/share/fonts/misc" does not exist.
[    25.066] 	Entry deleted from font path.
[    25.070] (WW) `fonts.dir' not found (or not valid) in "/usr/share/fonts/TTF".
[    25.070] 	Entry deleted from font path.
[    25.070] 	(Run 'mkfontdir' on "/usr/share/fonts/TTF").
[    25.070] (WW) The directory "/usr/share/fonts/OTF" does not exist.
[    25.070] 	Entry deleted from font path.
[    25.070] (WW) The directory "/usr/share/fonts/Type1" does not exist.
[    25.070] 	Entry deleted from font path.
[    25.070] (WW) The directory "/usr/share/fonts/100dpi" does not exist.
[    25.070] 	Entry deleted from font path.
[    25.070] (WW) The directory "/usr/share/fonts/75dpi" does not exist.
[    25.070] 	Entry deleted from font path.
[    25.070] (==) FontPath set to:
	
[    25.070] (==) ModulePath set to "/usr/lib/xorg/modules"
[    25.070] (II) The server relies on udev to provide the list of input devices.
	If no devices become available, reconfigure udev or disable AutoAddDevices.
[    25.070] (II) Module ABI versions:
[    25.070] 	X.Org ANSI C Emulation: 0.4
[    25.070] 	X.Org Video Driver: 25.2
[    25.070] 	X.Org XInput driver : 24.4
[    25.070] 	X.Org Server Extension : 10.0
[    25.071] (++) using VT number 2

[    25.071] (II) systemd-logind: logind integration requires -keeptty and -keeptty was not provided, disabling logind integration
[    25.073] (II) xfree86: Adding drm device (/dev/dri/card1)
[    25.073] (II) Platform probe for /sys/devices/pci0000:00/0000:00:02.0/drm/card1
[    25.081] (--) PCI:*(0@0:2:0) 8086:2e12:17aa:3048 rev 3, Mem @ 0xfc000000/4194304, 0xe0000000/268435456, I/O @ 0x00001c70/8, BIOS @ 0x????????/131072
[    25.081] (--) PCI: (0@0:2:1) 8086:2e13:17aa:3048 rev 3, Mem @ 0xfc400000/1048576
[    25.086] (II) LoadModule: "glx"
[    25.087] (II) Loading /usr/lib/xorg/modules/extensions/libglx.so
[    25.176] (II) Module glx: vendor="X.Org Foundation"
[    25.178] 	compiled for 1.21.1.20, module version = 1.0.0
[    25.178] 	ABI class: X.Org Server Extension, version 10.0
[    25.178] (II) LoadModule: "intel"
[    25.178] (II) Loading /usr/lib/xorg/modules/drivers/intel_drv.so
[    25.208] (II) Module intel: vendor="X.Org Foundation"
[    25.208] 	compiled for 1.21.1.16, module version = 2.99.917
[    25.208] 	Module class: X.Org Video Driver
[    25.208] 	ABI class: X.Org Video Driver, version 25.2
[    25.208] (II) intel: Driver for Intel(R) Integrated Graphics Chipsets:
	i810, i810-dc100, i810e, i815, i830M, 845G, 854, 852GM/855GM, 865G,
	915G, E7221 (i915), 915GM, 945G, 945GM, 945GME, Pineview GM,
	Pineview G, 965G, G35, 965Q, 946GZ, 965GM, 965GME/GLE, G33, Q35, Q33,
	GM45, 4 Series, G45/G43, Q45/Q43, G41, B43
[    25.208] (II) intel: Driver for Intel(R) HD Graphics
[    25.208] (II) intel: Driver for Intel(R) Iris(TM) Graphics
[    25.208] (II) intel: Driver for Intel(R) Iris(TM) Pro Graphics
[    25.228] (II) intel(0): Creating default Display subsection in Screen section
	"Default Screen Section" for depth/fbbpp 24/32
[    25.228] (==) intel(0): Depth 24, (--) framebuffer bpp 32
[    25.228] (==) intel(0): RGB weight 888
[    25.228] (==) intel(0): Default visual is TrueColor
[    25.228] (**) intel(0): Option "AccelMethod" "uxa"
[    25.228] (**) intel(0): Option "DRI" "2"
[    25.228] (**) intel(0): Option "TearFree" "true"
[    25.228] (--) intel(0): Integrated Graphics Chipset: Intel(R) Q45/Q43
[    25.228] (**) intel(0): Relaxed fencing enabled
[    25.228] (**) intel(0): Wait on SwapBuffers? enabled
[    25.228] (**) intel(0): Triple buffering? enabled
[    25.228] (**) intel(0): Framebuffer tiled
[    25.228] (**) intel(0): Pixmaps tiled
[    25.228] (**) intel(0): 3D buffers tiled
[    25.228] (**) intel(0): SwapBuffers wait enabled
[    25.228] (==) intel(0): video overlay key set to 0x101fe
[    25.242] (II) intel(0): Output VGA1 has no monitor section
[    25.257] (II) intel(0): Output HDMI1 has no monitor section
[    25.377] (II) intel(0): Output DP1 has no monitor section
[    25.389] (II) intel(0): EDID for output VGA1
[    25.404] (II) intel(0): EDID for output HDMI1
[    25.404] (II) intel(0): Manufacturer: AOC  Model: 2343  Serial#: 937
[    25.404] (II) intel(0): Year: 2011  Week: 2
[    25.404] (II) intel(0): EDID Version: 1.3
[    25.404] (II) intel(0): Digital Display Input
[    25.404] (II) intel(0): Max Image Size [cm]: horiz.: 51  vert.: 29
[    25.404] (II) intel(0): Gamma: 2.20
[    25.404] (II) intel(0): DPMS capabilities: Off
[    25.404] (II) intel(0): Supported color encodings: RGB 4:4:4 YCrCb 4:4:4 
[    25.404] (II) intel(0): First detailed timing is preferred mode
[    25.404] (II) intel(0): redX: 0.648 redY: 0.339   greenX: 0.282 greenY: 0.603
[    25.404] (II) intel(0): blueX: 0.143 blueY: 0.070   whiteX: 0.313 whiteY: 0.329
[    25.404] (II) intel(0): Supported established timings:
[    25.404] (II) intel(0): 720x400@70Hz
[    25.404] (II) intel(0): 640x480@60Hz
[    25.404] (II) intel(0): 640x480@67Hz
[    25.404] (II) intel(0): 640x480@72Hz
[    25.404] (II) intel(0): 640x480@75Hz
[    25.404] (II) intel(0): 800x600@56Hz
[    25.404] (II) intel(0): 800x600@60Hz
[    25.404] (II) intel(0): 800x600@72Hz
[    25.404] (II) intel(0): 800x600@75Hz
[    25.404] (II) intel(0): 832x624@75Hz
[    25.404] (II) intel(0): 1024x768@60Hz
[    25.404] (II) intel(0): 1024x768@70Hz
[    25.404] (II) intel(0): 1024x768@75Hz
[    25.404] (II) intel(0): 1280x1024@75Hz
[    25.404] (II) intel(0): Manufacturer's mask: 0
[    25.404] (II) intel(0): Supported standard timings:
[    25.404] (II) intel(0): #0: hsize: 1280  vsize 960  refresh: 60  vid: 16513
[    25.404] (II) intel(0): #1: hsize: 1280  vsize 1024  refresh: 60  vid: 32897
[    25.404] (II) intel(0): #2: hsize: 1440  vsize 900  refresh: 60  vid: 149
[    25.404] (II) intel(0): #3: hsize: 1680  vsize 1050  refresh: 60  vid: 179
[    25.404] (II) intel(0): #4: hsize: 1920  vsize 1080  refresh: 60  vid: 49361
[    25.404] (II) intel(0): Supported detailed timing:
[    25.404] (II) intel(0): clock: 148.5 MHz   Image Size:  509 x 286 mm
[    25.404] (II) intel(0): h_active: 1920  h_sync: 2008  h_sync_end 2052 h_blank_end 2200 h_border: 0
[    25.404] (II) intel(0): v_active: 1080  v_sync: 1084  v_sync_end 1089 v_blanking: 1125 v_border: 0
[    25.404] (II) intel(0): Ranges: V min: 55 V max: 75 Hz, H min: 30 H max: 83 kHz, PixClock max 215 MHz
[    25.404] (II) intel(0): Monitor name: 2343
[    25.404] (II) intel(0): Serial No: ABHB1O2000937
[    25.404] (II) intel(0): EDID (in hex):
[    25.404] (II) intel(0): 	00ffffffffffff0005e34323a9030000
[    25.404] (II) intel(0): 	0215010380331d782a3585a656489a24
[    25.404] (II) intel(0): 	125054bfef00814081809500b300d1c0
[    25.404] (II) intel(0): 	010101010101023a801871382d40582c
[    25.404] (II) intel(0): 	4500fd1e1100001e000000fd00374b1e
[    25.404] (II) intel(0): 	5315000a202020202020000000fc0032
[    25.404] (II) intel(0): 	3334330a2020202020202020000000ff
[    25.404] (II) intel(0): 	0041424842314f32303030393337002f
[    25.404] (II) intel(0): Printing probed modes for output HDMI1
[    25.404] (II) intel(0): Modeline "1920x1080"x60.0  148.50  1920 2008 2052 2200  1080 1084 1089 1125 +hsync +vsync (67.5 kHz eP)
[    25.404] (II) intel(0): Modeline "1680x1050"x59.9  119.00  1680 1728 1760 1840  1050 1053 1059 1080 +hsync -vsync (64.7 kHz e)
[    25.404] (II) intel(0): Modeline "1280x1024"x75.0  135.00  1280 1296 1440 1688  1024 1025 1028 1066 +hsync +vsync (80.0 kHz e)
[    25.404] (II) intel(0): Modeline "1280x1024"x60.0  108.00  1280 1328 1440 1688  1024 1025 1028 1066 +hsync +vsync (64.0 kHz e)
[    25.404] (II) intel(0): Modeline "1440x900"x59.9   88.75  1440 1488 1520 1600  900 903 909 926 +hsync -vsync (55.5 kHz e)
[    25.404] (II) intel(0): Modeline "1280x960"x60.0  108.00  1280 1376 1488 1800  960 961 964 1000 +hsync +vsync (60.0 kHz e)
[    25.404] (II) intel(0): Modeline "1024x768"x75.0   78.75  1024 1040 1136 1312  768 769 772 800 +hsync +vsync (60.0 kHz e)
[    25.404] (II) intel(0): Modeline "1024x768"x70.1   75.00  1024 1048 1184 1328  768 771 777 806 -hsync -vsync (56.5 kHz e)
[    25.404] (II) intel(0): Modeline "1024x768"x60.0   65.00  1024 1048 1184 1344  768 771 777 806 -hsync -vsync (48.4 kHz e)
[    25.404] (II) intel(0): Modeline "832x624"x74.6   57.28  832 864 928 1152  624 625 628 667 -hsync -vsync (49.7 kHz e)
[    25.404] (II) intel(0): Modeline "800x600"x72.2   50.00  800 856 976 1040  600 637 643 666 +hsync +vsync (48.1 kHz e)
[    25.404] (II) intel(0): Modeline "800x600"x75.0   49.50  800 816 896 1056  600 601 604 625 +hsync +vsync (46.9 kHz e)
[    25.404] (II) intel(0): Modeline "800x600"x60.3   40.00  800 840 968 1056  600 601 605 628 +hsync +vsync (37.9 kHz e)
[    25.404] (II) intel(0): Modeline "800x600"x56.2   36.00  800 824 896 1024  600 601 603 625 +hsync +vsync (35.2 kHz e)
[    25.404] (II) intel(0): Modeline "640x480"x75.0   31.50  640 656 720 840  480 481 484 500 -hsync -vsync (37.5 kHz e)
[    25.404] (II) intel(0): Modeline "640x480"x72.8   31.50  640 664 704 832  480 489 492 520 -hsync -vsync (37.9 kHz e)
[    25.404] (II) intel(0): Modeline "640x480"x66.7   30.24  640 704 768 864  480 483 486 525 -hsync -vsync (35.0 kHz e)
[    25.404] (II) intel(0): Modeline "640x480"x59.9   25.18  640 656 752 800  480 490 492 525 -hsync -vsync (31.5 kHz e)
[    25.404] (II) intel(0): Modeline "720x400"x70.1   28.32  720 738 846 900  400 412 414 449 -hsync +vsync (31.5 kHz e)
[    25.518] (II) intel(0): EDID for output DP1
[    25.518] (II) intel(0): Output VGA1 disconnected
[    25.518] (II) intel(0): Output HDMI1 connected
[    25.518] (II) intel(0): Output DP1 disconnected
[    25.518] (II) intel(0): Using exact sizes for initial modes
[    25.518] (II) intel(0): Output HDMI1 using initial mode 1920x1080 +0+0
[    25.518] (II) intel(0): Kernel page flipping support detected, enabling
[    25.518] (==) intel(0): Using gamma correction (1.0, 1.0, 1.0)
[    25.518] (==) intel(0): DPI set to (96, 96)
[    25.518] (II) Loading sub module "fb"
[    25.518] (II) LoadModule: "fb"
[    25.518] (II) Module "fb" already built-in
[    25.518] (II) Loading sub module "dri2"
[    25.518] (II) LoadModule: "dri2"
[    25.518] (II) Module "dri2" already built-in
[    25.518] (II) intel(0): Allocated new frame buffer 1920x1080 stride 7680, tiled
[    25.550] (II) UXA(0): Driver registered support for the following operations:
[    25.550] (II)         solid
[    25.552] (II)         copy
[    25.552] (II)         composite (RENDER acceleration)
[    25.552] (II)         put_image
[    25.552] (II)         get_image
[    25.552] (II) intel(0): [DRI2] Setup complete
[    25.552] (II) intel(0): [DRI2]   DRI driver: i965
[    25.552] (II) intel(0): [DRI2]   VDPAU driver: va_gl
[    25.552] (==) intel(0): Backing store enabled
[    25.552] (==) intel(0): Silken mouse enabled
[    25.552] (II) intel(0): Initializing HW Cursor
[    25.552] (==) intel(0): DPMS enabled
[    25.552] (==) intel(0): Intel XvMC decoder enabled
[    25.552] (II) intel(0): Set up textured video
[    25.552] (II) intel(0): [XvMC] xvmc_vld driver initialized.
[    25.552] (II) intel(0): DRI2: Enabled
[    25.552] (II) intel(0): DRI3: Disabled
[    25.552] (==) intel(0): hotplug detection: "enabled"
[    25.594] (II) Initializing extension Generic Event Extension
[    25.594] (II) Initializing extension SHAPE
[    25.594] (II) Initializing extension MIT-SHM
[    25.594] (II) Initializing extension XInputExtension
[    25.595] (II) Initializing extension XTEST
[    25.595] (II) Initializing extension BIG-REQUESTS
[    25.595] (II) Initializing extension SYNC
[    25.595] (II) Initializing extension XKEYBOARD
[    25.595] (II) Initializing extension XC-MISC
[    25.595] (II) Initializing extension SECURITY
[    25.595] (II) Initializing extension XFIXES
[    25.597] (II) Initializing extension RENDER
[    25.597] (II) Initializing extension RANDR
[    25.597] (II) Initializing extension COMPOSITE
[    25.597] (II) Initializing extension DAMAGE
[    25.597] (II) Initializing extension MIT-SCREEN-SAVER
[    25.597] (II) Initializing extension DOUBLE-BUFFER
[    25.597] (II) Initializing extension RECORD
[    25.598] (II) Initializing extension DPMS
[    25.598] (II) Initializing extension Present
[    25.598] (II) Initializing extension DRI3
[    25.598] (II) Initializing extension X-Resource
[    25.598] (II) Initializing extension XVideo
[    25.598] (II) Initializing extension XVideo-MotionCompensation
[    25.598] (II) Initializing extension GLX
[    25.611] (EE) AIGLX error: dlopen of /usr/lib/dri/i965_dri.so failed (/usr/lib/dri/i965_dri.so: cannot open shared object file: No such file or directory)
[    25.611] (EE) AIGLX error: unable to load driver i965
[    27.405] (II) IGLX: Loaded and initialized swrast
[    27.405] (II) GLX: Initialized DRISWRAST GL provider for screen 0
[    27.405] (II) Initializing extension XFree86-VidModeExtension
[    27.405] (II) Initializing extension XFree86-DGA
[    27.405] (II) Initializing extension XFree86-DRI
[    27.405] (II) Initializing extension DRI2
[    27.405] (II) intel(0): Setting screen physical size to 508 x 285
[    27.511] (II) config/udev: Adding input device Power Button (/dev/input/event1)
[    27.511] (**) Power Button: Applying InputClass "libinput keyboard catchall"
[    27.511] (**) Power Button: Applying InputClass "system-keyboard"
[    27.511] (II) LoadModule: "libinput"
[    27.511] (II) Loading /usr/lib/xorg/modules/input/libinput_drv.so
[    27.525] (II) Module libinput: vendor="X.Org Foundation"
[    27.526] 	compiled for 1.21.1.13, module version = 1.5.0
[    27.526] 	Module class: X.Org XInput Driver
[    27.526] 	ABI class: X.Org XInput driver, version 24.4
[    27.526] (II) Using input driver 'libinput' for 'Power Button'
[    27.526] (**) Power Button: always reports core events
[    27.526] (**) Option "Device" "/dev/input/event1"
[    27.534] (II) event1  - Power Button: is tagged by udev as: Keyboard
[    27.534] (II) event1  - Power Button: device is a keyboard
[    27.534] (II) event1  - Power Button: device removed
[    27.540] (**) Option "config_info" "udev:/sys/devices/LNXSYSTM:00/LNXPWRBN:00/input/input1/event1"
[    27.540] (II) XINPUT: Adding extended input device "Power Button" (type: KEYBOARD, id 6)
[    27.540] (**) Option "xkb_model" "abnt2"
[    27.540] (**) Option "xkb_layout" "br"
[    27.540] (**) Option "xkb_options" "terminate:ctrl_alt_bksp"
[    27.568] (II) event1  - Power Button: is tagged by udev as: Keyboard
[    27.568] (II) event1  - Power Button: device is a keyboard
[    27.570] (II) config/udev: Adding input device Video Bus (/dev/input/event7)
[    27.570] (**) Video Bus: Applying InputClass "libinput keyboard catchall"
[    27.570] (**) Video Bus: Applying InputClass "system-keyboard"
[    27.570] (II) Using input driver 'libinput' for 'Video Bus'
[    27.570] (**) Video Bus: always reports core events
[    27.570] (**) Option "Device" "/dev/input/event7"
[    27.571] (II) event7  - Video Bus: is tagged by udev as: Keyboard
[    27.571] (II) event7  - Video Bus: device is a keyboard
[    27.571] (II) event7  - Video Bus: device removed
[    27.583] (**) Option "config_info" "udev:/sys/devices/LNXSYSTM:00/LNXSYBUS:00/PNP0A03:00/LNXVIDEO:00/input/input8/event7"
[    27.583] (II) XINPUT: Adding extended input device "Video Bus" (type: KEYBOARD, id 7)
[    27.583] (**) Option "xkb_model" "abnt2"
[    27.583] (**) Option "xkb_layout" "br"
[    27.583] (**) Option "xkb_options" "terminate:ctrl_alt_bksp"
[    27.584] (II) event7  - Video Bus: is tagged by udev as: Keyboard
[    27.584] (II) event7  - Video Bus: device is a keyboard
[    27.585] (II) config/udev: Adding input device Power Button (/dev/input/event0)
[    27.585] (**) Power Button: Applying InputClass "libinput keyboard catchall"
[    27.585] (**) Power Button: Applying InputClass "system-keyboard"
[    27.585] (II) Using input driver 'libinput' for 'Power Button'
[    27.585] (**) Power Button: always reports core events
[    27.585] (**) Option "Device" "/dev/input/event0"
[    27.587] (II) event0  - Power Button: is tagged by udev as: Keyboard
[    27.587] (II) event0  - Power Button: device is a keyboard
[    27.587] (II) event0  - Power Button: device removed
[    27.595] (**) Option "config_info" "udev:/sys/devices/LNXSYSTM:00/LNXSYBUS:00/PNP0A03:00/PNP0C0C:00/input/input0/event0"
[    27.595] (II) XINPUT: Adding extended input device "Power Button" (type: KEYBOARD, id 8)
[    27.595] (**) Option "xkb_model" "abnt2"
[    27.595] (**) Option "xkb_layout" "br"
[    27.595] (**) Option "xkb_options" "terminate:ctrl_alt_bksp"
[    27.596] (II) event0  - Power Button: is tagged by udev as: Keyboard
[    27.596] (II) event0  - Power Button: device is a keyboard
[    27.599] (II) config/udev: Adding input device USB OPTICAL MOUSE  (/dev/input/event5)
[    27.599] (**) USB OPTICAL MOUSE : Applying InputClass "libinput pointer catchall"
[    27.599] (II) Using input driver 'libinput' for 'USB OPTICAL MOUSE '
[    27.599] (**) USB OPTICAL MOUSE : always reports core events
[    27.599] (**) Option "Device" "/dev/input/event5"
[    27.651] (II) event5  - USB OPTICAL MOUSE : is tagged by udev as: Mouse
[    27.652] (II) event5  - USB OPTICAL MOUSE : device is a pointer
[    27.652] (II) event5  - USB OPTICAL MOUSE : device removed
[    27.665] (II) libinput: USB OPTICAL MOUSE : Step value 0 was provided, libinput Fallback acceleration function is used.
[    27.665] (II) libinput: USB OPTICAL MOUSE : Step value 0 was provided, libinput Fallback acceleration function is used.
[    27.665] (II) libinput: USB OPTICAL MOUSE : Step value 0 was provided, libinput Fallback acceleration function is used.
[    27.665] (**) Option "config_info" "udev:/sys/devices/pci0000:00/0000:00:1a.0/usb1/1-1/1-1:1.0/0003:4E53:5407.0003/input/input5/event5"
[    27.665] (II) XINPUT: Adding extended input device "USB OPTICAL MOUSE " (type: MOUSE, id 9)
[    27.665] (**) Option "AccelerationScheme" "none"
[    27.665] (**) USB OPTICAL MOUSE : (accel) selected scheme none/0
[    27.665] (**) USB OPTICAL MOUSE : (accel) acceleration factor: 2.000
[    27.665] (**) USB OPTICAL MOUSE : (accel) acceleration threshold: 4
[    27.717] (II) event5  - USB OPTICAL MOUSE : is tagged by udev as: Mouse
[    27.718] (II) event5  - USB OPTICAL MOUSE : device is a pointer
[    27.719] (II) config/udev: Adding input device USB OPTICAL MOUSE  (/dev/input/mouse0)
[    27.719] (II) No input driver specified, ignoring this device.
[    27.719] (II) This device may have been added with another device file.
[    27.721] (II) config/udev: Adding input device USB OPTICAL MOUSE  Keyboard (/dev/input/event6)
[    27.721] (**) USB OPTICAL MOUSE  Keyboard: Applying InputClass "libinput keyboard catchall"
[    27.721] (**) USB OPTICAL MOUSE  Keyboard: Applying InputClass "system-keyboard"
[    27.721] (II) Using input driver 'libinput' for 'USB OPTICAL MOUSE  Keyboard'
[    27.721] (**) USB OPTICAL MOUSE  Keyboard: always reports core events
[    27.721] (**) Option "Device" "/dev/input/event6"
[    27.723] (II) event6  - USB OPTICAL MOUSE  Keyboard: is tagged by udev as: Keyboard
[    27.723] (II) event6  - USB OPTICAL MOUSE  Keyboard: device is a keyboard
[    27.724] (II) event6  - USB OPTICAL MOUSE  Keyboard: device removed
[    27.733] (II) libinput: USB OPTICAL MOUSE  Keyboard: needs a virtual subdevice
[    27.733] (**) Option "config_info" "udev:/sys/devices/pci0000:00/0000:00:1a.0/usb1/1-1/1-1:1.1/0003:4E53:5407.0004/input/input6/event6"
[    27.733] (II) XINPUT: Adding extended input device "USB OPTICAL MOUSE  Keyboard" (type: MOUSE, id 10)
[    27.733] (**) Option "AccelerationScheme" "none"
[    27.733] (**) USB OPTICAL MOUSE  Keyboard: (accel) selected scheme none/0
[    27.733] (**) USB OPTICAL MOUSE  Keyboard: (accel) acceleration factor: 2.000
[    27.733] (**) USB OPTICAL MOUSE  Keyboard: (accel) acceleration threshold: 4
[    27.735] (II) event6  - USB OPTICAL MOUSE  Keyboard: is tagged by udev as: Keyboard
[    27.735] (II) event6  - USB OPTICAL MOUSE  Keyboard: device is a keyboard
[    27.736] (II) config/udev: Adding input device HDA Intel Front Mic (/dev/input/event9)
[    27.736] (II) No input driver specified, ignoring this device.
[    27.736] (II) This device may have been added with another device file.
[    27.737] (II) config/udev: Adding input device HDA Intel Rear Mic (/dev/input/event10)
[    27.737] (II) No input driver specified, ignoring this device.
[    27.737] (II) This device may have been added with another device file.
[    27.738] (II) config/udev: Adding input device HDA Intel Line (/dev/input/event11)
[    27.738] (II) No input driver specified, ignoring this device.
[    27.738] (II) This device may have been added with another device file.
[    27.739] (II) config/udev: Adding input device HDA Intel Line Out (/dev/input/event12)
[    27.739] (II) No input driver specified, ignoring this device.
[    27.739] (II) This device may have been added with another device file.
[    27.740] (II) config/udev: Adding input device HDA Intel Front Headphone (/dev/input/event13)
[    27.740] (II) No input driver specified, ignoring this device.
[    27.740] (II) This device may have been added with another device file.
[    27.741] (II) config/udev: Adding input device SEM USB Keyboard (/dev/input/event2)
[    27.741] (**) SEM USB Keyboard: Applying InputClass "libinput keyboard catchall"
[    27.741] (**) SEM USB Keyboard: Applying InputClass "system-keyboard"
[    27.741] (II) Using input driver 'libinput' for 'SEM USB Keyboard'
[    27.741] (**) SEM USB Keyboard: always reports core events
[    27.741] (**) Option "Device" "/dev/input/event2"
[    27.743] (II) event2  - SEM USB Keyboard: is tagged by udev as: Keyboard
[    27.743] (II) event2  - SEM USB Keyboard: device is a keyboard
[    27.744] (II) event2  - SEM USB Keyboard: device removed
[    27.753] (**) Option "config_info" "udev:/sys/devices/pci0000:00/0000:00:1d.1/usb7/7-1/7-1:1.0/0003:1A2C:2124.0001/input/input2/event2"
[    27.753] (II) XINPUT: Adding extended input device "SEM USB Keyboard" (type: KEYBOARD, id 11)
[    27.753] (**) Option "xkb_model" "abnt2"
[    27.753] (**) Option "xkb_layout" "br"
[    27.753] (**) Option "xkb_options" "terminate:ctrl_alt_bksp"
[    27.755] (II) event2  - SEM USB Keyboard: is tagged by udev as: Keyboard
[    27.755] (II) event2  - SEM USB Keyboard: device is a keyboard
[    27.757] (II) config/udev: Adding input device SEM USB Keyboard Consumer Control (/dev/input/event3)
[    27.757] (**) SEM USB Keyboard Consumer Control: Applying InputClass "libinput keyboard catchall"
[    27.757] (**) SEM USB Keyboard Consumer Control: Applying InputClass "system-keyboard"
[    27.757] (II) Using input driver 'libinput' for 'SEM USB Keyboard Consumer Control'
[    27.757] (**) SEM USB Keyboard Consumer Control: always reports core events
[    27.757] (**) Option "Device" "/dev/input/event3"
[    27.759] (II) event3  - SEM USB Keyboard Consumer Control: is tagged by udev as: Keyboard
[    27.759] (II) event3  - SEM USB Keyboard Consumer Control: device is a keyboard
[    27.759] (II) event3  - SEM USB Keyboard Consumer Control: device removed
[    27.768] (II) libinput: SEM USB Keyboard Consumer Control: needs a virtual subdevice
[    27.768] (**) Option "config_info" "udev:/sys/devices/pci0000:00/0000:00:1d.1/usb7/7-1/7-1:1.1/0003:1A2C:2124.0002/input/input3/event3"
[    27.768] (II) XINPUT: Adding extended input device "SEM USB Keyboard Consumer Control" (type: MOUSE, id 12)
[    27.768] (**) Option "AccelerationScheme" "none"
[    27.768] (**) SEM USB Keyboard Consumer Control: (accel) selected scheme none/0
[    27.768] (**) SEM USB Keyboard Consumer Control: (accel) acceleration factor: 2.000
[    27.768] (**) SEM USB Keyboard Consumer Control: (accel) acceleration threshold: 4
[    27.770] (II) event3  - SEM USB Keyboard Consumer Control: is tagged by udev as: Keyboard
[    27.770] (II) event3  - SEM USB Keyboard Consumer Control: device is a keyboard
[    27.772] (II) config/udev: Adding input device SEM USB Keyboard System Control (/dev/input/event4)
[    27.772] (**) SEM USB Keyboard System Control: Applying InputClass "libinput keyboard catchall"
[    27.772] (**) SEM USB Keyboard System Control: Applying InputClass "system-keyboard"
[    27.772] (II) Using input driver 'libinput' for 'SEM USB Keyboard System Control'
[    27.772] (**) SEM USB Keyboard System Control: always reports core events
[    27.772] (**) Option "Device" "/dev/input/event4"
[    27.774] (II) event4  - SEM USB Keyboard System Control: is tagged by udev as: Keyboard
[    27.774] (II) event4  - SEM USB Keyboard System Control: device is a keyboard
[    27.774] (II) event4  - SEM USB Keyboard System Control: device removed
[    27.784] (**) Option "config_info" "udev:/sys/devices/pci0000:00/0000:00:1d.1/usb7/7-1/7-1:1.1/0003:1A2C:2124.0002/input/input4/event4"
[    27.784] (II) XINPUT: Adding extended input device "SEM USB Keyboard System Control" (type: KEYBOARD, id 13)
[    27.784] (**) Option "xkb_model" "abnt2"
[    27.784] (**) Option "xkb_layout" "br"
[    27.784] (**) Option "xkb_options" "terminate:ctrl_alt_bksp"
[    27.786] (II) event4  - SEM USB Keyboard System Control: is tagged by udev as: Keyboard
[    27.786] (II) event4  - SEM USB Keyboard System Control: device is a keyboard
[    27.787] (II) config/udev: Adding input device PC Speaker (/dev/input/event8)
[    27.787] (II) No input driver specified, ignoring this device.
[    27.787] (II) This device may have been added with another device file.
[    27.801] (**) USB OPTICAL MOUSE  Keyboard: Applying InputClass "libinput keyboard catchall"
[    27.801] (**) USB OPTICAL MOUSE  Keyboard: Applying InputClass "system-keyboard"
[    27.801] (II) Using input driver 'libinput' for 'USB OPTICAL MOUSE  Keyboard'
[    27.801] (**) USB OPTICAL MOUSE  Keyboard: always reports core events
[    27.801] (**) Option "Device" "/dev/input/event6"
[    27.801] (II) libinput: USB OPTICAL MOUSE  Keyboard: is a virtual subdevice
[    27.801] (**) Option "config_info" "udev:/sys/devices/pci0000:00/0000:00:1a.0/usb1/1-1/1-1:1.1/0003:4E53:5407.0004/input/input6/event6"
[    27.801] (II) XINPUT: Adding extended input device "USB OPTICAL MOUSE  Keyboard" (type: KEYBOARD, id 14)
[    27.801] (**) Option "xkb_model" "abnt2"
[    27.801] (**) Option "xkb_layout" "br"
[    27.801] (**) Option "xkb_options" "terminate:ctrl_alt_bksp"
[    27.801] (**) SEM USB Keyboard Consumer Control: Applying InputClass "libinput keyboard catchall"
[    27.801] (**) SEM USB Keyboard Consumer Control: Applying InputClass "system-keyboard"
[    27.801] (II) Using input driver 'libinput' for 'SEM USB Keyboard Consumer Control'
[    27.801] (**) SEM USB Keyboard Consumer Control: always reports core events
[    27.802] (**) Option "Device" "/dev/input/event3"
[    27.802] (II) libinput: SEM USB Keyboard Consumer Control: is a virtual subdevice
[    27.802] (**) Option "config_info" "udev:/sys/devices/pci0000:00/0000:00:1d.1/usb7/7-1/7-1:1.1/0003:1A2C:2124.0002/input/input3/event3"
[    27.802] (II) XINPUT: Adding extended input device "SEM USB Keyboard Consumer Control" (type: KEYBOARD, id 15)
[    27.802] (**) Option "xkb_model" "abnt2"
[    27.802] (**) Option "xkb_layout" "br"
[    27.802] (**) Option "xkb_options" "terminate:ctrl_alt_bksp"
[    28.474] (II) event1  - Power Button: device removed
[    28.479] (II) event7  - Video Bus: device removed
[    28.496] (II) event0  - Power Button: device removed
[    28.501] (II) event5  - USB OPTICAL MOUSE : device removed
[    28.515] (II) event2  - SEM USB Keyboard: device removed
[    28.519] (II) event4  - SEM USB Keyboard System Control: device removed
[    28.527] (II) event6  - USB OPTICAL MOUSE  Keyboard: device removed
[    28.531] (II) event3  - SEM USB Keyboard Consumer Control: device removed
[   116.518] (II) intel(0): EDID vendor "AOC", prod id 9027
[   116.518] (II) intel(0): Using EDID range info for horizontal sync
[   116.518] (II) intel(0): Using EDID range info for vertical refresh
[   116.518] (II) intel(0): Printing DDC gathered Modelines:
[   116.518] (II) intel(0): Modeline "1920x1080"x0.0  148.50  1920 2008 2052 2200  1080 1084 1089 1125 +hsync +vsync (67.5 kHz eP)
[   116.518] (II) intel(0): Modeline "800x600"x0.0   40.00  800 840 968 1056  600 601 605 628 +hsync +vsync (37.9 kHz e)
[   116.518] (II) intel(0): Modeline "800x600"x0.0   36.00  800 824 896 1024  600 601 603 625 +hsync +vsync (35.2 kHz e)
[   116.518] (II) intel(0): Modeline "640x480"x0.0   31.50  640 656 720 840  480 481 484 500 -hsync -vsync (37.5 kHz e)
[   116.518] (II) intel(0): Modeline "640x480"x0.0   31.50  640 664 704 832  480 489 492 520 -hsync -vsync (37.9 kHz e)
[   116.518] (II) intel(0): Modeline "640x480"x0.0   30.24  640 704 768 864  480 483 486 525 -hsync -vsync (35.0 kHz e)
[   116.518] (II) intel(0): Modeline "640x480"x0.0   25.18  640 656 752 800  480 490 492 525 -hsync -vsync (31.5 kHz e)
[   116.518] (II) intel(0): Modeline "720x400"x0.0   28.32  720 738 846 900  400 412 414 449 -hsync +vsync (31.5 kHz e)
[   116.518] (II) intel(0): Modeline "1280x1024"x0.0  135.00  1280 1296 1440 1688  1024 1025 1028 1066 +hsync +vsync (80.0 kHz e)
[   116.518] (II) intel(0): Modeline "1024x768"x0.0   78.75  1024 1040 1136 1312  768 769 772 800 +hsync +vsync (60.0 kHz e)
[   116.518] (II) intel(0): Modeline "1024x768"x0.0   75.00  1024 1048 1184 1328  768 771 777 806 -hsync -vsync (56.5 kHz e)
[   116.519] (II) intel(0): Modeline "1024x768"x0.0   65.00  1024 1048 1184 1344  768 771 777 806 -hsync -vsync (48.4 kHz e)
[   116.519] (II) intel(0): Modeline "832x624"x0.0   57.28  832 864 928 1152  624 625 628 667 -hsync -vsync (49.7 kHz e)
[   116.519] (II) intel(0): Modeline "800x600"x0.0   49.50  800 816 896 1056  600 601 604 625 +hsync +vsync (46.9 kHz e)
[   116.519] (II) intel(0): Modeline "800x600"x0.0   50.00  800 856 976 1040  600 637 643 666 +hsync +vsync (48.1 kHz e)
[   116.519] (II) intel(0): Modeline "1280x960"x0.0  108.00  1280 1376 1488 1800  960 961 964 1000 +hsync +vsync (60.0 kHz e)
[   116.519] (II) intel(0): Modeline "1280x1024"x0.0  108.00  1280 1328 1440 1688  1024 1025 1028 1066 +hsync +vsync (64.0 kHz e)
[   116.519] (II) intel(0): Modeline "1440x900"x0.0   88.75  1440 1488 1520 1600  900 903 909 926 +hsync -vsync (55.5 kHz e)
[   116.519] (II) intel(0): Modeline "1680x1050"x0.0  119.00  1680 1728 1760 1840  1050 1053 1059 1080 +hsync -vsync (64.7 kHz e)
[   116.642] (II) event1  - Power Button: is tagged by udev as: Keyboard
[   116.642] (II) event1  - Power Button: device is a keyboard
[   116.643] (II) event7  - Video Bus: is tagged by udev as: Keyboard
[   116.643] (II) event7  - Video Bus: device is a keyboard
[   116.645] (II) event0  - Power Button: is tagged by udev as: Keyboard
[   116.645] (II) event0  - Power Button: device is a keyboard
[   116.697] (II) event5  - USB OPTICAL MOUSE : is tagged by udev as: Mouse
[   116.698] (II) event5  - USB OPTICAL MOUSE : device is a pointer
[   116.700] (II) event6  - USB OPTICAL MOUSE  Keyboard: is tagged by udev as: Keyboard
[   116.700] (II) event6  - USB OPTICAL MOUSE  Keyboard: device is a keyboard
[   116.703] (II) event2  - SEM USB Keyboard: is tagged by udev as: Keyboard
[   116.703] (II) event2  - SEM USB Keyboard: device is a keyboard
[   116.705] (II) event3  - SEM USB Keyboard Consumer Control: is tagged by udev as: Keyboard
[   116.705] (II) event3  - SEM USB Keyboard Consumer Control: device is a keyboard
[   116.708] (II) event4  - SEM USB Keyboard System Control: is tagged by udev as: Keyboard
[   116.708] (II) event4  - SEM USB Keyboard System Control: device is a keyboard
[   122.045] (II) event1  - Power Button: device removed
[   122.053] (II) event7  - Video Bus: device removed
[   122.061] (II) event0  - Power Button: device removed
[   122.065] (II) event5  - USB OPTICAL MOUSE : device removed
[   122.075] (II) event2  - SEM USB Keyboard: device removed
[   122.079] (II) event4  - SEM USB Keyboard System Control: device removed
[   122.083] (II) event6  - USB OPTICAL MOUSE  Keyboard: device removed
[   122.087] (II) event3  - SEM USB Keyboard Consumer Control: device removed
